0:00.10     5034 root      20   0  226212   6612   2896 R  36,8   0,4   0:00.10 mem2.sh
0:01.06     5034 root      20   0  259080  39612   2896 R  38,9   2,1   0:01.06 mem2.sh
0:02.01     5034 root      20   0  290628  71028   2896 R  38,9   3,8   0:02.01 mem2.sh
0:02.97     5034 root      20   0  319536 100068   2896 R  35,0   5,4   0:02.97 mem2.sh
0:03.91     5034 root      20   0  348444 128844   2896 R  50,0   6,9   0:03.91 mem2.sh
0:04.84     5034 root      20   0  378540 158940   2896 R  38,9   8,5   0:04.84 mem2.sh
0:05.80     5034 root      20   0  410088 190620   2896 R  38,9  10,2   0:05.80 mem2.sh
0:06.78     5034 root      20   0  444540 224940   2896 R  50,0  12,1   0:06.78 mem2.sh
0:07.75     5034 root      20   0  478068 258468   2896 R  47,4  13,9   0:07.75 mem2.sh
0:08.68     5034 root      20   0  509484 289884   2896 R  44,4  15,6   0:08.68 mem2.sh
0:09.63     5034 root      20   0  539316 319716   2896 R  44,4  17,2   0:09.63 mem2.sh
0:10.58     5034 root      20   0  568488 349020   2896 R  40,0  18,8   0:10.58 mem2.sh
0:11.53     5034 root      20   0  599508 379908   2896 R  42,1  20,4   0:11.53 mem2.sh
0:12.49     5034 root      20   0  630924 411588   2896 R  44,4  22,1   0:12.49 mem2.sh
0:13.43     5034 root      20   0  663264 443796   2896 R  38,9  23,8   0:13.43 mem2.sh
0:14.38     5034 root      20   0  692832 473364   2896 R  36,8  25,4   0:14.38 mem2.sh
0:15.31     5034 root      20   0  721344 501876   2896 R  38,9  27,0   0:15.31 mem2.sh
0:16.25     5034 root      20   0  750912 531444   2896 R  43,8  28,6   0:16.25 mem2.sh
0:17.19     5034 root      20   0  781932 562332   2896 R  41,2  30,2   0:17.19 mem2.sh
0:18.13     5034 root      20   0  811764 592428   2896 R  38,9  31,8   0:18.13 mem2.sh
0:19.07     5034 root      20   0  843048 623580   2896 R  36,8  33,5   0:19.07 mem2.sh
0:20.02     5034 root      20   0  873540 653940   2896 R  36,8  35,1   0:20.02 mem2.sh
0:20.98     5034 root      20   0  904164 684828   2896 R  38,9  36,8   0:20.98 mem2.sh
0:21.95     5034 root      20   0  937032 717564   2896 R  36,8  38,6   0:21.95 mem2.sh
0:22.91     5034 root      20   0  970296 750828   2896 R  47,1  40,3   0:22.91 mem2.sh
0:23.84     5034 root      20   0 1001712 782244   2896 R  33,3  42,0   0:23.84 mem2.sh
0:24.83     5034 root      20   0 1034976 815508   2896 R  29,4  43,8   0:24.83 mem2.sh
0:26.03     5034 root      20   0 1071276 814048   2416 R  30,8  43,7   0:26.03 mem2.sh
0:27.09     5034 root      20   0 1104408 814428   2416 R  44,4  43,8   0:27.09 mem2.sh
0:28.00     5034 root      20   0 1133316 814992   2416 R  38,9  43,8   0:28.00 mem2.sh
0:28.92     5034 root      20   0 1160772 812472   2416 R  36,8  43,7   0:28.92 mem2.sh
0:29.82     5034 root      20   0 1185192 813464   2416 R  25,0  43,7   0:29.82 mem2.sh
0:30.75     5034 root      20   0 1214232 814596   2416 R  31,6  43,8   0:30.75 mem2.sh
0:31.67     5034 root      20   0 1241160 812376   2416 R  29,4  43,7   0:31.67 mem2.sh
0:32.59     5034 root      20   0 1270860 813288   2416 R  43,8  43,7   0:32.59 mem2.sh
0:33.49     5034 root      20   0 1300032 815056   2416 R  35,0  43,8   0:33.49 mem2.sh
0:34.37     5034 root      20   0 1327752 814316   2416 R  29,4  43,8   0:34.37 mem2.sh
0:35.25     5034 root      20   0 1355604 813668   2416 R  25,0  43,7   0:35.25 mem2.sh
0:36.14     5034 root      20   0 1382532 812516   2416 R  25,0  43,7   0:36.14 mem2.sh
0:37.02     5034 root      20   0 1408008 811360   2416 R  31,6  43,6   0:37.02 mem2.sh
