0:00.11     5033 root      20   0  226608   7204   2960 R  40,0   0,4   0:00.11 mem.sh
0:01.07     5033 root      20   0  259608  40204   2960 R  50,0   2,2   0:01.07 mem.sh
0:02.02     5033 root      20   0  291156  71620   2960 R  42,1   3,8   0:02.02 mem.sh
0:02.97     5033 root      20   0  319404  99868   2960 R  42,1   5,4   0:02.97 mem.sh
0:03.90     5033 root      20   0  348180 128644   2960 R  41,2   6,9   0:03.90 mem.sh
0:04.85     5033 root      20   0  378144 158740   2960 R  50,0   8,5   0:04.85 mem.sh
0:05.81     5033 root      20   0  410088 190684   2960 R  47,1  10,2   0:05.81 mem.sh
0:06.77     5033 root      20   0  444012 224476   2960 R  38,9  12,1   0:06.77 mem.sh
0:07.73     5033 root      20   0  477276 257740   2960 R  35,0  13,9   0:07.73 mem.sh
0:08.67     5033 root      20   0  508824 289420   2960 R  36,8  15,6   0:08.67 mem.sh
0:09.61     5033 root      20   0  538260 318724   2960 R  41,2  17,1   0:09.61 mem.sh
0:10.57     5033 root      20   0  567564 348028   2960 R  38,9  18,7   0:10.57 mem.sh
0:11.52     5033 root      20   0  598056 378652   2960 R  38,9  20,3   0:11.52 mem.sh
0:12.48     5033 root      20   0  630132 410596   2960 R  42,1  22,1   0:12.48 mem.sh
0:13.43     5033 root      20   0  661944 442540   2960 R  41,2  23,8   0:13.43 mem.sh
0:14.38     5033 root      20   0  691776 472372   2960 R  44,4  25,4   0:14.38 mem.sh
0:15.32     5033 root      20   0  720288 500884   2960 R  44,4  26,9   0:15.32 mem.sh
0:16.25     5033 root      20   0  749196 529660   2960 R  38,9  28,5   0:16.25 mem.sh
0:17.20     5033 root      20   0  780348 560812   2960 R  44,4  30,1   0:17.20 mem.sh
0:18.14     5033 root      20   0  810048 590644   2960 R  50,0  31,7   0:18.14 mem.sh
0:19.08     5033 root      20   0  841068 621532   2960 R  44,4  33,4   0:19.08 mem.sh
0:20.03     5033 root      20   0  871560 652156   2960 R  44,4  35,0   0:20.03 mem.sh
0:20.99     5033 root      20   0  902052 682516   2960 R  44,4  36,7   0:20.99 mem.sh
0:21.95     5033 root      20   0  934788 715252   2960 R  42,1  38,4   0:21.95 mem.sh
0:22.90     5033 root      20   0  967392 747988   2960 R  38,9  40,2   0:22.90 mem.sh
0:23.84     5033 root      20   0  999336 779932   2960 R  38,9  41,9   0:23.84 mem.sh
0:24.76     5033 root      20   0 1030620 811084   2960 R  31,6  43,6   0:24.76 mem.sh
0:26.03     5033 root      20   0 1069032 821768   2440 R  29,6  44,2   0:26.03 mem.sh
0:27.09     5033 root      20   0 1102560 822844   2436 R  50,0  44,2   0:27.09 mem.sh
0:28.00     5033 root      20   0 1131468 823780   2436 R  38,9  44,3   0:28.00 mem.sh
0:28.91     5033 root      20   0 1158792 820920   2436 R  30,0  44,1   0:28.91 mem.sh
0:29.83     5033 root      20   0 1183344 822196   2436 R  30,0  44,2   0:29.83 mem.sh
0:30.75     5033 root      20   0 1211856 822692   2436 R  28,6  44,2   0:30.75 mem.sh
0:31.67     5033 root      20   0 1239708 821344   2436 R  29,4  44,1   0:31.67 mem.sh
0:32.58     5033 root      20   0 1269804 822920   2436 R  35,3  44,2   0:32.58 mem.sh
0:33.47     5033 root      20   0 1298580 824260   2436 R  27,3  44,3   0:33.47 mem.sh
0:34.33     5033 root      20   0 1325112 822484   2436 R  31,2  44,2   0:34.33 mem.sh
0:35.21     5033 root      20   0 1352964 822592   2436 R  26,3  44,2   0:35.21 mem.sh
0:36.12     5033 root      20   0 1381080 822188   2436 R  31,2  44,2   0:36.12 mem.sh
0:37.01     5033 root      20   0 1406820 821440   2436 R  27,8  44,1   0:37.01 mem.sh
0:38.97     5033 root      20   0 1461996 860156   1608 R  40,5  46,2   0:38.97 mem.sh
0:41.10     5033 root      20   0 1522584 920672   1672 R  88,2  49,5   0:41.10 mem.sh
0:42.88     5033 root      20   0 1578684 976904   1672 R  99,9  52,5   0:42.88 mem.sh
0:44.63     5033 root      20   0 1637028   1,0g   1672 R  94,1  55,6   0:44.63 mem.sh
0:46.39     5033 root      20   0 1696296   1,0g   1672 R  88,9  58,8   0:46.39 mem.sh
0:48.11     5033 root      20   0 1748568   1,1g   1672 R  99,9  61,6   0:48.11 mem.sh
0:49.85     5033 root      20   0 1803084   1,1g   1672 R  88,2  64,6   0:49.85 mem.sh
0:51.59     5033 root      20   0 1858128   1,2g   1672 R  82,4  67,5   0:51.59 mem.sh
0:53.35     5033 root      20   0 1912512   1,2g   1672 R  94,1  70,4   0:53.35 mem.sh
0:55.12     5033 root      20   0 1972176   1,3g   1672 R  94,1  73,6   0:55.12 mem.sh
0:56.89     5033 root      20   0 2032368   1,4g   1672 R  99,9  76,9   0:56.89 mem.sh
0:58.64     5033 root      20   0 2091900   1,4g   1672 R  88,2  80,1   0:58.64 mem.sh
1:00.41     5033 root      20   0 2148660   1,5g   1672 R  99,9  83,1   1:00.41 mem.sh
1:02.17     5033 root      20   0 2209512   1,5g   1672 R  94,1  86,4   1:02.17 mem.sh
1:03.84     5033 root      20   0 2267592   1,5g   1672 R  81,2  87,1   1:03.84 mem.sh
1:05.49     5033 root      20   0 2317752   1,6g   1672 R  88,9  87,4   1:05.49 mem.sh
1:07.13     5033 root      20   0 2368836   1,5g   1672 R  66,7  87,0   1:07.13 mem.sh
1:08.84     5033 root      20   0 2415960   1,5g   1672 R  88,2  87,3   1:08.84 mem.sh
1:10.54     5033 root      20   0 2470344   1,6g   1672 R  99,9  88,1   1:10.54 mem.sh
1:12.21     5033 root      20   0 2526312   1,6g   1672 R  99,9  88,0   1:12.21 mem.sh
1:13.93     5033 root      20   0 2581620   1,6g   1672 R  99,9  87,9   1:13.93 mem.sh
