   5034 root      20   0  238224  18756   2896 R  52,9   1,0   0:00.45 mem2.sh
   5033 root      20   0  238092  18556   2960 R  47,1   1,0   0:00.45 mem.sh
      1 root      20   0  186392   1316      0 S   0,0   0,1   0:01.82 systemd
      2 root      20   0       0      0      0 S   0,0   0,0   0:00.00 kthreadd
      3 root       0 -20       0      0      0 I   0,0   0,0   0:00.00 rcu_gp

   5033 root      20   0  270696  51292   2960 R  38,9   2,8   0:01.40 mem.sh
   5034 root      20   0  270432  50964   2896 R  38,9   2,7   0:01.39 mem2.sh
      1 root      20   0  186392   1316      0 S   0,0   0,1   0:01.82 systemd
      2 root      20   0       0      0      0 S   0,0   0,0   0:00.00 kthreadd
      3 root       0 -20       0      0      0 I   0,0   0,0   0:00.00 rcu_gp

   5033 root      20   0  302376  82972   2960 R  36,8   4,5   0:02.36 mem.sh
   5034 root      20   0  302376  82908   2896 R  36,8   4,5   0:02.36 mem2.sh
      1 root      20   0  186392   1316      0 S   0,0   0,1   0:01.82 systemd
      2 root      20   0       0      0      0 S   0,0   0,0   0:00.00 kthreadd
      3 root       0 -20       0      0      0 I   0,0   0,0   0:00.00 rcu_gp

   5033 root      20   0  329700 110164   2960 R  47,1   5,9   0:03.31 mem.sh
   5034 root      20   0  329832 110364   2896 R  47,1   5,9   0:03.31 mem2.sh
      1 root      20   0  186392   1316      0 S   0,0   0,1   0:01.82 systemd
      2 root      20   0       0      0      0 S   0,0   0,0   0:00.00 kthreadd
      3 root       0 -20       0      0      0 I   0,0   0,0   0:00.00 rcu_gp

   5033 root      20   0  358872 139468   2960 R  44,4   7,5   0:04.24 mem.sh
   5034 root      20   0  359268 139668   2896 R  44,4   7,5   0:04.25 mem2.sh
      1 root      20   0  186392   1316      0 S   0,0   0,1   0:01.82 systemd
      2 root      20   0       0      0      0 S   0,0   0,0   0:00.00 kthreadd
      3 root       0 -20       0      0      0 I   0,0   0,0   0:00.00 rcu_gp

   5033 root      20   0  389100 169828   2960 R  44,4   9,1   0:05.19 mem.sh
   5034 root      20   0  389100 169764   2896 R  38,9   9,1   0:05.18 mem2.sh
      1 root      20   0  186392   1316      0 S   0,0   0,1   0:01.82 systemd
      2 root      20   0       0      0      0 S   0,0   0,0   0:00.00 kthreadd
      3 root       0 -20       0      0      0 I   0,0   0,0   0:00.00 rcu_gp

   5033 root      20   0  422496 203092   2960 R  47,4  10,9   0:06.16 mem.sh
   5034 root      20   0  422760 203292   2896 R  36,8  10,9   0:06.15 mem2.sh
      1 root      20   0  186392   1316      0 S   0,0   0,1   0:01.82 systemd
      2 root      20   0       0      0      0 S   0,0   0,0   0:00.00 kthreadd
      3 root       0 -20       0      0      0 I   0,0   0,0   0:00.00 rcu_gp

   5033 root      20   0  456288 236884   2960 R  47,1  12,7   0:07.13 mem.sh
   5034 root      20   0  456288 236820   2896 R  41,2  12,7   0:07.12 mem2.sh
      1 root      20   0  186392   1316      0 S   0,0   0,1   0:01.82 systemd
      2 root      20   0       0      0      0 S   0,0   0,0   0:00.00 kthreadd
      3 root       0 -20       0      0      0 I   0,0   0,0   0:00.00 rcu_gp

   5034 root      20   0  489552 270084   2896 R  50,0  14,5   0:08.08 mem2.sh
   5033 root      20   0  488628 269356   2960 R  43,8  14,5   0:08.08 mem.sh
      1 root      20   0  186392   1316      0 S   0,0   0,1   0:01.82 systemd
      2 root      20   0       0      0      0 S   0,0   0,0   0:00.00 kthreadd
      3 root       0 -20       0      0      0 I   0,0   0,0   0:00.00 rcu_gp

   5033 root      20   0  519912 300508   2960 R  44,4  16,1   0:09.02 mem.sh
   5034 root      20   0  520440 300972   2896 R  38,9  16,2   0:09.01 mem2.sh
      1 root      20   0  186392   1316      0 S   0,0   0,1   0:01.82 systemd
      2 root      20   0       0      0      0 S   0,0   0,0   0:00.00 kthreadd
      3 root       0 -20       0      0      0 I   0,0   0,0   0:00.00 rcu_gp

   5033 root      20   0  549744 330340   2960 R  42,1  17,8   0:09.97 mem.sh
   5034 root      20   0  550668 331068   2896 R  31,6  17,8   0:09.97 mem2.sh
      1 root      20   0  186392   1316      0 S   0,0   0,1   0:01.82 systemd
      2 root      20   0       0      0      0 S   0,0   0,0   0:00.00 kthreadd
      3 root       0 -20       0      0      0 I   0,0   0,0   0:00.00 rcu_gp

   5034 root      20   0  577860 358524   2896 R  44,4  19,3   0:10.91 mem2.sh
   5033 root      20   0  577200 357796   2960 R  38,9  19,2   0:10.90 mem.sh
      1 root      20   0  186392   1316      0 S   0,0   0,1   0:01.82 systemd
      2 root      20   0       0      0      0 S   0,0   0,0   0:00.00 kthreadd
      3 root       0 -20       0      0      0 I   0,0   0,0   0:00.00 rcu_gp

   5033 root      20   0  610596 391060   2960 R  40,0  21,0   0:11.88 mem.sh
   5034 root      20   0  611388 391788   2896 R  35,0  21,1   0:11.87 mem2.sh
      1 root      20   0  186392   1316      0 S   0,0   0,1   0:01.82 systemd
      2 root      20   0       0      0      0 S   0,0   0,0   0:00.00 kthreadd
      3 root       0 -20       0      0      0 I   0,0   0,0   0:00.00 rcu_gp

   5034 root      20   0  643860 424260   2896 R  44,4  22,8   0:12.84 mem2.sh
   5033 root      20   0  642408 423004   2960 R  38,9  22,7   0:12.83 mem.sh
   5623 root      20   0       0      0      0 Z   5,6   0,0   0:00.01 top
      1 root      20   0  186392   1316      0 S   0,0   0,1   0:01.82 systemd
      2 root      20   0       0      0      0 S   0,0   0,0   0:00.00 kthreadd

   5033 root      20   0  672504 453100   2960 R  44,4  24,3   0:13.77 mem.sh
   5034 root      20   0  673428 453828   2896 R  38,9  24,4   0:13.76 mem2.sh
      1 root      20   0  186392   1316      0 S   0,0   0,1   0:01.82 systemd
      2 root      20   0       0      0      0 S   0,0   0,0   0:00.00 kthreadd
      3 root       0 -20       0      0      0 I   0,0   0,0   0:00.00 rcu_gp

   5033 root      20   0  701544 482140   2960 R  41,2  25,9   0:14.71 mem.sh
   5034 root      20   0  702732 483396   2896 R  41,2  26,0   0:14.71 mem2.sh
      1 root      20   0  186392   1316      0 S   0,0   0,1   0:01.82 systemd
      2 root      20   0       0      0      0 S   0,0   0,0   0:00.00 kthreadd
      3 root       0 -20       0      0      0 I   0,0   0,0   0:00.00 rcu_gp

   5034 root      20   0  731904 512436   2896 R  47,1  27,5   0:15.66 mem2.sh
   5033 root      20   0  730716 511180   2960 R  41,2  27,5   0:15.65 mem.sh
      1 root      20   0  186392   1316      0 S   0,0   0,1   0:01.82 systemd
      2 root      20   0       0      0      0 S   0,0   0,0   0:00.00 kthreadd
      3 root       0 -20       0      0      0 I   0,0   0,0   0:00.00 rcu_gp

   5033 root      20   0  760284 540748   2960 R  42,1  29,1   0:16.59 mem.sh
   5034 root      20   0  761868 542532   2896 R  36,8  29,2   0:16.59 mem2.sh
      1 root      20   0  186392   1316      0 S   0,0   0,1   0:01.82 systemd
      2 root      20   0       0      0      0 S   0,0   0,0   0:00.00 kthreadd
      3 root       0 -20       0      0      0 I   0,0   0,0   0:00.00 rcu_gp

   5033 root      20   0  790512 571108   2960 R  44,4  30,7   0:17.53 mem.sh
   5034 root      20   0  792360 572892   2896 R  44,4  30,8   0:17.53 mem2.sh
      1 root      20   0  186392   1316      0 S   0,0   0,1   0:01.82 systemd
      2 root      20   0       0      0      0 S   0,0   0,0   0:00.00 kthreadd
      3 root       0 -20       0      0      0 I   0,0   0,0   0:00.00 rcu_gp

   5034 root      20   0  822984 603516   2896 R  47,1  32,4   0:18.47 mem2.sh
   5033 root      20   0  821136 601732   2960 R  41,2  32,3   0:18.47 mem.sh
      1 root      20   0  186392   1316      0 S   0,0   0,1   0:01.82 systemd
      2 root      20   0       0      0      0 S   0,0   0,0   0:00.00 kthreadd
      3 root       0 -20       0      0      0 I   0,0   0,0   0:00.00 rcu_gp

   5033 root      20   0  851496 632092   2960 R  44,4  34,0   0:19.42 mem.sh
   5034 root      20   0  853476 634140   2896 R  38,9  34,1   0:19.41 mem2.sh
      1 root      20   0  186392   1316      0 S   0,0   0,1   0:01.82 systemd
      2 root      20   0       0      0      0 S   0,0   0,0   0:00.00 kthreadd
      3 root       0 -20       0      0      0 I   0,0   0,0   0:00.00 rcu_gp

   5034 root      20   0  884496 665028   2896 R  47,1  35,7   0:20.38 mem2.sh
   5033 root      20   0  881988 662452   2960 R  41,2  35,6   0:20.37 mem.sh
      1 root      20   0  186392   1316      0 S   0,0   0,1   0:01.82 systemd
      2 root      20   0       0      0      0 S   0,0   0,0   0:00.00 kthreadd
      3 root       0 -20       0      0      0 I   0,0   0,0   0:00.00 rcu_gp

   5034 root      20   0  916176 696708   2896 R  44,4  37,4   0:21.34 mem2.sh
   5033 root      20   0  913800 694396   2960 R  38,9  37,3   0:21.33 mem.sh
      1 root      20   0  186392   1316      0 S   0,0   0,1   0:01.82 systemd
      2 root      20   0       0      0      0 S   0,0   0,0   0:00.00 kthreadd
      3 root       0 -20       0      0      0 I   0,0   0,0   0:00.00 rcu_gp

   5033 root      20   0  946800 727396   2960 R  47,1  39,1   0:22.30 mem.sh
   5034 root      20   0  948780 729444   2896 R  41,2  39,2   0:22.30 mem2.sh
      1 root      20   0  186392   1316      0 S   0,0   0,1   0:01.82 systemd
      2 root      20   0       0      0      0 S   0,0   0,0   0:00.00 kthreadd
      3 root       0 -20       0      0      0 I   0,0   0,0   0:00.00 rcu_gp

   5034 root      20   0  982044 762444   2896 R  47,4  41,0   0:23.26 mem2.sh
   5033 root      20   0  979536 760132   2960 R  31,6  40,8   0:23.24 mem.sh
      1 root      20   0  186392   1316      0 S   0,0   0,1   0:01.82 systemd
      2 root      20   0       0      0      0 S   0,0   0,0   0:00.00 kthreadd
      3 root       0 -20       0      0      0 I   0,0   0,0   0:00.00 rcu_gp

   5033 root      20   0 1011216 791812   2960 R  47,1  42,5   0:24.19 mem.sh
   5034 root      20   0 1013196 793860   2896 R  41,2  42,7   0:24.18 mem2.sh
   5035 root      20   0  222516   3232   2944 S   5,9   0,2   0:00.04 logger.sh
      1 root      20   0  186392   1316      0 S   0,0   0,1   0:01.82 systemd
      2 root      20   0       0      0      0 S   0,0   0,0   0:00.00 kthreadd

   5033 root      20   0 1043292 824000   2940 R  47,1  44,3   0:25.17 mem.sh
   5034 root      20   0 1045668 826044   2872 R  41,2  44,4   0:25.18 mem2.sh
      1 root      20   0  186392   1316      0 S   0,0   0,1   0:01.82 systemd
      2 root      20   0       0      0      0 S   0,0   0,0   0:00.00 kthreadd
      3 root       0 -20       0      0      0 I   0,0   0,0   0:00.00 rcu_gp

   5033 root      20   0 1082760 824280   2436 R  42,1  44,3   0:26.50 mem.sh
   5034 root      20   0 1084344 815708   2416 R  36,8  43,8   0:26.49 mem2.sh
      1 root      20   0  186392   1228      0 S   0,0   0,1   0:01.82 systemd
      2 root      20   0       0      0      0 S   0,0   0,0   0:00.00 kthreadd
      3 root       0 -20       0      0      0 I   0,0   0,0   0:00.00 rcu_gp

   5033 root      20   0 1113516 825888   2436 R  45,0  44,4   0:27.43 mem.sh
   5034 root      20   0 1115100 817540   2416 R  35,0  43,9   0:27.42 mem2.sh
   5022 root      20   0  275200   4224   3436 S  10,0   0,2   0:00.14 top
      1 root      20   0  186392   1224      0 S   0,0   0,1   0:01.82 systemd
      2 root      20   0       0      0      0 S   0,0   0,0   0:00.00 kthreadd

   5033 root      20   0 1141632 824900   2436 R  47,1  44,3   0:28.33 mem.sh
   5034 root      20   0 1143612 816440   2416 R  41,2  43,9   0:28.33 mem2.sh
      1 root      20   0  186392   1224      0 S   0,0   0,1   0:01.82 systemd
      2 root      20   0       0      0      0 S   0,0   0,0   0:00.00 kthreadd
      3 root       0 -20       0      0      0 I   0,0   0,0   0:00.00 rcu_gp

   5034 root      20   0 1169748 817640   2416 R  44,4  43,9   0:29.25 mem2.sh
   5033 root      20   0 1168032 826524   2436 R  38,9  44,4   0:29.24 mem.sh
   6339 root      20   0  275048   4532   3956 R   5,6   0,2   0:00.01 top
      1 root      20   0  186392   1220      0 S   0,0   0,1   0:01.82 systemd
      2 root      20   0       0      0      0 S   0,0   0,0   0:00.00 kthreadd

   5033 root      20   0 1194696 824916   2436 R  47,1  44,3   0:30.18 mem.sh
   5034 root      20   0 1196940 816556   2416 R  41,2  43,9   0:30.18 mem2.sh
      1 root      20   0  186392   1216      0 S   0,0   0,1   0:01.82 systemd
      2 root      20   0       0      0      0 S   0,0   0,0   0:00.00 kthreadd
      3 root       0 -20       0      0      0 I   0,0   0,0   0:00.00 rcu_gp

   5033 root      20   0 1222284 823504   2436 R  47,1  44,3   0:31.10 mem.sh
   5034 root      20   0 1224396 815124   2416 R  47,1  43,8   0:31.11 mem2.sh
      1 root      20   0  186392   1216      0 S   0,0   0,1   0:01.82 systemd
      2 root      20   0       0      0      0 S   0,0   0,0   0:00.00 kthreadd
      3 root       0 -20       0      0      0 I   0,0   0,0   0:00.00 rcu_gp

   5034 root      20   0 1252248 813740   2416 R  38,9  43,7   0:32.01 mem2.sh
   5033 root      20   0 1250928 823068   2436 R  33,3  44,2   0:32.01 mem.sh
     49 root      20   0       0      0      0 S   5,6   0,0   0:08.50 kswapd0
   6468 root      20   0  275048   4424   3852 R   5,6   0,2   0:00.01 top
      1 root      20   0  186392   1208      0 S   0,0   0,1   0:01.82 systemd

   5034 root      20   0 1281684 814076   2416 R  35,3  43,7   0:32.91 mem2.sh
   5033 root      20   0 1280232 823528   2436 R  29,4  44,3   0:32.90 mem.sh
     49 root      20   0       0      0      0 S  11,8   0,0   0:08.58 kswapd0
      1 root      20   0  186392   1204      0 S   0,0   0,1   0:01.82 systemd
      2 root      20   0       0      0      0 S   0,0   0,0   0:00.00 kthreadd

   5033 root      20   0 1309272 825844   2436 R  50,0  44,4   0:33.81 mem.sh
   5034 root      20   0 1310592 816356   2416 R  37,5  43,9   0:33.80 mem2.sh
      1 root      20   0  186392   1196      0 S   0,0   0,1   0:01.82 systemd
      2 root      20   0       0      0      0 S   0,0   0,0   0:00.00 kthreadd
      3 root       0 -20       0      0      0 I   0,0   0,0   0:00.00 rcu_gp

   5034 root      20   0 1337652 814716   2416 R  38,9  43,8   0:34.70 mem2.sh
   5033 root      20   0 1336068 824184   2436 R  33,3  44,3   0:34.68 mem.sh
      1 root      20   0  186392   1196      0 S   0,0   0,1   0:01.82 systemd
      2 root      20   0       0      0      0 S   0,0   0,0   0:00.00 kthreadd
      3 root       0 -20       0      0      0 I   0,0   0,0   0:00.00 rcu_gp

   5033 root      20   0 1364316 823968   2436 R  42,1  44,3   0:35.57 mem.sh
   5034 root      20   0 1365768 814592   2416 R  42,1  43,8   0:35.58 mem2.sh
    900 root      20   0  626400   1544      0 S   5,3   0,1   0:00.98 tuned
      1 root      20   0  186392   1188      0 S   0,0   0,1   0:01.82 systemd
      2 root      20   0       0      0      0 S   0,0   0,0   0:00.00 kthreadd

   5033 root      20   0 1390584 822956   2436 R  33,3  44,2   0:36.45 mem.sh
   5034 root      20   0 1391640 812796   2416 R  27,8  43,7   0:36.45 mem2.sh
     49 root      20   0       0      0      0 S  11,1   0,0   0:08.91 kswapd0
      1 root      20   0  186392   1184      0 S   0,0   0,1   0:01.82 systemd
      2 root      20   0       0      0      0 S   0,0   0,0   0:00.00 kthreadd

   5034 root      20   0 1418304 816712   2100 R  35,0  43,9   0:37.37 mem2.sh
   5033 root      20   0 1416984 826736   2164 R  30,0  44,4   0:37.36 mem.sh
     49 root      20   0       0      0      0 S  15,0   0,0   0:09.00 kswapd0
      1 root      20   0  186392   2772   1588 S   0,0   0,1   0:01.83 systemd
      2 root      20   0       0      0      0 S   0,0   0,0   0:00.00 kthreadd

