PTime
0:00.10  MiB Swap:    820,0 total,    736,0 free,     84,0 used.   1578,7 avail Mem 
0:01.06  MiB Swap:    820,0 total,    736,0 free,     84,0 used.   1514,9 avail Mem 
0:02.01  MiB Swap:    820,0 total,    736,0 free,     84,0 used.   1451,5 avail Mem 
0:02.97  MiB Swap:    820,0 total,    736,0 free,     84,0 used.   1397,8 avail Mem 
0:03.91  MiB Swap:    820,0 total,    736,0 free,     84,0 used.   1341,7 avail Mem 
0:04.84  MiB Swap:    820,0 total,    736,0 free,     84,0 used.   1282,6 avail Mem 
0:05.80  MiB Swap:    820,0 total,    736,0 free,     84,0 used.   1218,0 avail Mem 
0:06.78  MiB Swap:    820,0 total,    736,0 free,     84,0 used.   1152,5 avail Mem 
0:07.75  MiB Swap:    820,0 total,    736,0 free,     84,0 used.   1088,2 avail Mem 
0:08.68  MiB Swap:    820,0 total,    736,0 free,     84,0 used.   1026,2 avail Mem 
0:09.63  MiB Swap:    820,0 total,    736,0 free,     84,0 used.    967,3 avail Mem 
0:10.58  MiB Swap:    820,0 total,    736,0 free,     84,0 used.    912,8 avail Mem 
0:11.53  MiB Swap:    820,0 total,    736,0 free,     84,0 used.    849,7 avail Mem 
0:12.49  MiB Swap:    820,0 total,    736,0 free,     84,0 used.    786,4 avail Mem 
0:13.43  MiB Swap:    820,0 total,    736,0 free,     84,0 used.    727,1 avail Mem 
0:14.38  MiB Swap:    820,0 total,    736,0 free,     84,0 used.    669,6 avail Mem 
0:15.31  MiB Swap:    820,0 total,    736,0 free,     84,0 used.    612,7 avail Mem 
0:16.25  MiB Swap:    820,0 total,    736,0 free,     84,0 used.    554,5 avail Mem 
0:17.19  MiB Swap:    820,0 total,    736,0 free,     84,0 used.    494,9 avail Mem 
0:18.13  MiB Swap:    820,0 total,    736,0 free,     84,0 used.    435,6 avail Mem 
0:19.07  MiB Swap:    820,0 total,    736,0 free,     84,0 used.    376,6 avail Mem 
0:20.02  MiB Swap:    820,0 total,    736,0 free,     84,0 used.    315,3 avail Mem 
0:20.98  MiB Swap:    820,0 total,    736,0 free,     84,0 used.    253,8 avail Mem 
0:21.95  MiB Swap:    820,0 total,    736,0 free,     84,0 used.    189,7 avail Mem 
0:22.91  MiB Swap:    820,0 total,    736,0 free,     84,0 used.    126,6 avail Mem 
0:23.84  MiB Swap:    820,0 total,    736,0 free,     84,0 used.     64,6 avail Mem 
0:24.83  MiB Swap:    820,0 total,    735,3 free,     84,7 used.     20,0 avail Mem 
0:26.03  MiB Swap:    820,0 total,    648,7 free,    171,3 used.     25,8 avail Mem 
0:27.09  MiB Swap:    820,0 total,    592,1 free,    227,9 used.     24,1 avail Mem 
0:28.00  MiB Swap:    820,0 total,    534,6 free,    285,4 used.     26,0 avail Mem 
0:28.92  MiB Swap:    820,0 total,    486,1 free,    333,8 used.     23,1 avail Mem 
0:29.82  MiB Swap:    820,0 total,    447,7 free,    372,3 used.     11,3 avail Mem 
0:30.75  MiB Swap:    820,0 total,    387,6 free,    432,4 used.     16,6 avail Mem 
0:31.67  MiB Swap:    820,0 total,    336,0 free,    484,0 used.     12,9 avail Mem 
0:32.59  MiB Swap:    820,0 total,    280,1 free,    539,9 used.     11,3 avail Mem 
0:33.49  MiB Swap:    820,0 total,    208,4 free,    611,6 used.     26,4 avail Mem 
0:34.37  MiB Swap:    820,0 total,    170,7 free,    649,3 used.     10,1 avail Mem 
0:35.25  MiB Swap:    820,0 total,    104,4 free,    715,6 used.     17,7 avail Mem 
0:36.14  MiB Swap:    820,0 total,     61,0 free,    759,0 used.     13,8 avail Mem 
0:37.02  MiB Swap:    820,0 total,      7,5 free,    812,5 used.     13,4 avail Mem 
