PTime
0:00.11  MiB Mem :   1817,3 total,   1625,6 free,    125,0 used,     66,7 buff/cache
0:01.07  MiB Mem :   1817,3 total,   1561,1 free,    189,5 used,     66,7 buff/cache
0:02.02  MiB Mem :   1817,3 total,   1499,0 free,    251,6 used,     66,7 buff/cache
0:02.97  MiB Mem :   1817,3 total,   1444,6 free,    306,0 used,     66,7 buff/cache
0:03.90  MiB Mem :   1817,3 total,   1388,2 free,    362,3 used,     66,8 buff/cache
0:04.85  MiB Mem :   1817,3 total,   1329,0 free,    421,5 used,     66,8 buff/cache
0:05.81  MiB Mem :   1817,3 total,   1265,3 free,    485,2 used,     66,8 buff/cache
0:06.77  MiB Mem :   1817,3 total,   1198,3 free,    552,2 used,     66,8 buff/cache
0:07.73  MiB Mem :   1817,3 total,   1134,6 free,    616,0 used,     66,8 buff/cache
0:08.67  MiB Mem :   1817,3 total,   1071,7 free,    678,9 used,     66,8 buff/cache
0:09.61  MiB Mem :   1817,3 total,   1014,7 free,    735,9 used,     66,8 buff/cache
0:10.57  MiB Mem :   1817,3 total,    959,2 free,    791,4 used,     66,8 buff/cache
0:11.52  MiB Mem :   1817,3 total,    896,6 free,    853,9 used,     66,8 buff/cache
0:12.48  MiB Mem :   1817,3 total,    834,0 free,    916,5 used,     66,8 buff/cache
0:13.43  MiB Mem :   1817,3 total,    773,4 free,    977,1 used,     66,8 buff/cache
0:14.38  MiB Mem :   1817,3 total,    715,2 free,   1035,4 used,     66,8 buff/cache
0:15.32  MiB Mem :   1817,3 total,    659,7 free,   1090,8 used,     66,8 buff/cache
0:16.25  MiB Mem :   1817,3 total,    601,0 free,   1149,6 used,     66,8 buff/cache
0:17.20  MiB Mem :   1817,3 total,    541,6 free,   1209,0 used,     66,8 buff/cache
0:18.14  MiB Mem :   1817,3 total,    482,2 free,   1268,3 used,     66,8 buff/cache
0:19.08  MiB Mem :   1817,3 total,    422,2 free,   1328,3 used,     66,8 buff/cache
0:20.03  MiB Mem :   1817,3 total,    361,4 free,   1389,2 used,     66,8 buff/cache
0:20.99  MiB Mem :   1817,3 total,    300,5 free,   1450,0 used,     66,8 buff/cache
0:21.95  MiB Mem :   1817,3 total,    236,7 free,   1513,8 used,     66,8 buff/cache
0:22.90  MiB Mem :   1817,3 total,    172,9 free,   1577,6 used,     66,8 buff/cache
0:23.84  MiB Mem :   1817,3 total,    110,7 free,   1639,8 used,     66,8 buff/cache
0:24.76  MiB Mem :   1817,3 total,     67,4 free,   1693,7 used,     56,2 buff/cache
0:26.03  MiB Mem :   1817,3 total,     79,3 free,   1686,5 used,     51,6 buff/cache
0:27.09  MiB Mem :   1817,3 total,     71,6 free,   1694,5 used,     51,3 buff/cache
0:28.00  MiB Mem :   1817,3 total,     71,5 free,   1695,6 used,     50,2 buff/cache
0:28.91  MiB Mem :   1817,3 total,     65,0 free,   1704,1 used,     48,2 buff/cache
0:29.83  MiB Mem :   1817,3 total,     68,1 free,   1702,8 used,     46,4 buff/cache
0:30.75  MiB Mem :   1817,3 total,     67,9 free,   1703,8 used,     45,6 buff/cache
0:31.67  MiB Mem :   1817,3 total,     70,9 free,   1701,4 used,     45,0 buff/cache
0:32.58  MiB Mem :   1817,3 total,     68,5 free,   1705,0 used,     43,8 buff/cache
0:33.47  MiB Mem :   1817,3 total,     64,4 free,   1709,3 used,     43,7 buff/cache
0:34.33  MiB Mem :   1817,3 total,     69,9 free,   1704,0 used,     43,4 buff/cache
0:35.21  MiB Mem :   1817,3 total,     67,7 free,   1704,3 used,     45,4 buff/cache
0:36.12  MiB Mem :   1817,3 total,     69,9 free,   1702,5 used,     44,9 buff/cache
0:37.01  MiB Mem :   1817,3 total,     70,0 free,   1701,4 used,     45,9 buff/cache
0:38.97  MiB Mem :   1817,3 total,    805,4 free,    953,4 used,     58,6 buff/cache
0:41.10  MiB Mem :   1817,3 total,    754,9 free,   1002,5 used,     60,0 buff/cache
0:42.88  MiB Mem :   1817,3 total,    698,4 free,   1058,9 used,     60,0 buff/cache
0:44.63  MiB Mem :   1817,3 total,    641,6 free,   1115,6 used,     60,1 buff/cache
0:46.39  MiB Mem :   1817,3 total,    583,6 free,   1172,6 used,     61,1 buff/cache
0:48.11  MiB Mem :   1817,3 total,    531,8 free,   1224,4 used,     61,1 buff/cache
0:49.85  MiB Mem :   1817,3 total,    478,3 free,   1277,9 used,     61,1 buff/cache
0:51.59  MiB Mem :   1817,3 total,    424,7 free,   1331,6 used,     61,1 buff/cache
0:53.35  MiB Mem :   1817,3 total,    370,2 free,   1386,0 used,     61,1 buff/cache
0:55.12  MiB Mem :   1817,3 total,    313,1 free,   1443,1 used,     61,1 buff/cache
0:56.89  MiB Mem :   1817,3 total,    252,9 free,   1503,3 used,     61,1 buff/cache
0:58.64  MiB Mem :   1817,3 total,    195,5 free,   1560,7 used,     61,1 buff/cache
1:00.41  MiB Mem :   1817,3 total,    139,9 free,   1616,3 used,     61,1 buff/cache
1:02.17  MiB Mem :   1817,3 total,     80,2 free,   1676,0 used,     61,1 buff/cache
1:03.84  MiB Mem :   1817,3 total,     69,5 free,   1688,1 used,     59,7 buff/cache
1:05.49  MiB Mem :   1817,3 total,     64,0 free,   1695,1 used,     58,2 buff/cache
1:07.13  MiB Mem :   1817,3 total,     75,8 free,   1685,7 used,     55,8 buff/cache
1:08.84  MiB Mem :   1817,3 total,     68,4 free,   1694,4 used,     54,5 buff/cache
1:10.54  MiB Mem :   1817,3 total,     77,4 free,   1687,9 used,     52,0 buff/cache
1:12.21  MiB Mem :   1817,3 total,     80,3 free,   1686,3 used,     50,7 buff/cache
1:13.93  MiB Mem :   1817,3 total,     63,2 free,   1703,8 used,     50,3 buff/cache
