PTime
0:00.10  MiB Mem :   1817,3 total,   1625,0 free,    125,7 used,     66,7 buff/cache
0:01.06  MiB Mem :   1817,3 total,   1560,6 free,    190,0 used,     66,7 buff/cache
0:02.01  MiB Mem :   1817,3 total,   1499,6 free,    251,0 used,     66,7 buff/cache
0:02.97  MiB Mem :   1817,3 total,   1444,0 free,    306,6 used,     66,7 buff/cache
0:03.91  MiB Mem :   1817,3 total,   1388,8 free,    361,7 used,     66,8 buff/cache
0:04.84  MiB Mem :   1817,3 total,   1328,4 free,    422,1 used,     66,8 buff/cache
0:05.80  MiB Mem :   1817,3 total,   1265,9 free,    484,6 used,     66,8 buff/cache
0:06.78  MiB Mem :   1817,3 total,   1198,9 free,    551,6 used,     66,8 buff/cache
0:07.75  MiB Mem :   1817,3 total,   1134,1 free,    616,5 used,     66,8 buff/cache
0:08.68  MiB Mem :   1817,3 total,   1072,3 free,    678,3 used,     66,8 buff/cache
0:09.63  MiB Mem :   1817,3 total,   1015,2 free,    735,4 used,     66,8 buff/cache
0:10.58  MiB Mem :   1817,3 total,    958,5 free,    792,0 used,     66,8 buff/cache
0:11.53  MiB Mem :   1817,3 total,    896,0 free,    854,5 used,     66,8 buff/cache
0:12.49  MiB Mem :   1817,3 total,    834,7 free,    915,9 used,     66,8 buff/cache
0:13.43  MiB Mem :   1817,3 total,    772,8 free,    977,7 used,     66,8 buff/cache
0:14.38  MiB Mem :   1817,3 total,    714,6 free,   1035,9 used,     66,8 buff/cache
0:15.31  MiB Mem :   1817,3 total,    658,8 free,   1091,7 used,     66,8 buff/cache
0:16.25  MiB Mem :   1817,3 total,    601,6 free,   1149,0 used,     66,8 buff/cache
0:17.19  MiB Mem :   1817,3 total,    540,7 free,   1209,9 used,     66,8 buff/cache
0:18.13  MiB Mem :   1817,3 total,    481,3 free,   1269,2 used,     66,8 buff/cache
0:19.07  MiB Mem :   1817,3 total,    422,8 free,   1327,8 used,     66,8 buff/cache
0:20.02  MiB Mem :   1817,3 total,    362,0 free,   1388,6 used,     66,8 buff/cache
0:20.98  MiB Mem :   1817,3 total,    301,1 free,   1449,4 used,     66,8 buff/cache
0:21.95  MiB Mem :   1817,3 total,    237,5 free,   1513,1 used,     66,8 buff/cache
0:22.91  MiB Mem :   1817,3 total,    173,2 free,   1577,3 used,     66,8 buff/cache
0:23.84  MiB Mem :   1817,3 total,    111,5 free,   1639,1 used,     66,8 buff/cache
0:24.83  MiB Mem :   1817,3 total,     65,5 free,   1699,3 used,     52,5 buff/cache
0:26.03  MiB Mem :   1817,3 total,     79,8 free,   1685,9 used,     51,6 buff/cache
0:27.09  MiB Mem :   1817,3 total,     72,2 free,   1693,6 used,     51,5 buff/cache
0:28.00  MiB Mem :   1817,3 total,     71,9 free,   1695,1 used,     50,3 buff/cache
0:28.92  MiB Mem :   1817,3 total,     65,6 free,   1703,5 used,     48,2 buff/cache
0:29.82  MiB Mem :   1817,3 total,     68,7 free,   1702,2 used,     46,4 buff/cache
0:30.75  MiB Mem :   1817,3 total,     68,5 free,   1703,2 used,     45,6 buff/cache
0:31.67  MiB Mem :   1817,3 total,     70,3 free,   1702,0 used,     45,0 buff/cache
0:32.59  MiB Mem :   1817,3 total,     69,1 free,   1704,3 used,     43,8 buff/cache
0:33.49  MiB Mem :   1817,3 total,     64,4 free,   1709,3 used,     43,7 buff/cache
0:34.37  MiB Mem :   1817,3 total,     68,0 free,   1705,9 used,     43,4 buff/cache
0:35.25  MiB Mem :   1817,3 total,     66,5 free,   1705,4 used,     45,4 buff/cache
0:36.14  MiB Mem :   1817,3 total,     70,2 free,   1702,3 used,     44,9 buff/cache
0:37.02  MiB Mem :   1817,3 total,     69,4 free,   1702,0 used,     45,9 buff/cache
