   5034 root      20   0  238224  18756   2896 R  52,9   1,0   0:00.45 mem2.sh
   5033 root      20   0  238092  18556   2960 R  47,1   1,0   0:00.45 mem.sh
      1 root      20   0  186392   1316      0 S   0,0   0,1   0:01.82 systemd
      2 root      20   0       0      0      0 S   0,0   0,0   0:00.00 kthreadd
      3 root       0 -20       0      0      0 I   0,0   0,0   0:00.00 rcu_gp

   5033 root      20   0  270696  51292   2960 R  38,9   2,8   0:01.40 mem.sh
   5034 root      20   0  270432  50964   2896 R  38,9   2,7   0:01.39 mem2.sh
      1 root      20   0  186392   1316      0 S   0,0   0,1   0:01.82 systemd
      2 root      20   0       0      0      0 S   0,0   0,0   0:00.00 kthreadd
      3 root       0 -20       0      0      0 I   0,0   0,0   0:00.00 rcu_gp

   5033 root      20   0  302376  82972   2960 R  35,0   4,5   0:02.36 mem.sh
   5034 root      20   0  302376  82908   2896 R  35,0   4,5   0:02.36 mem2.sh
   5155 root      20   0       0      0      0 Z   5,0   0,0   0:00.01 top
      1 root      20   0  186392   1316      0 S   0,0   0,1   0:01.82 systemd
      2 root      20   0       0      0      0 S   0,0   0,0   0:00.00 kthreadd

   5033 root      20   0  329700 110164   2960 R  50,0   5,9   0:03.31 mem.sh
   5034 root      20   0  329832 110364   2896 R  50,0   5,9   0:03.31 mem2.sh
      1 root      20   0  186392   1316      0 S   0,0   0,1   0:01.82 systemd
      2 root      20   0       0      0      0 S   0,0   0,0   0:00.00 kthreadd
      3 root       0 -20       0      0      0 I   0,0   0,0   0:00.00 rcu_gp

   5033 root      20   0  358872 139468   2960 R  47,1   7,5   0:04.24 mem.sh
   5034 root      20   0  359268 139668   2896 R  47,1   7,5   0:04.25 mem2.sh
      1 root      20   0  186392   1316      0 S   0,0   0,1   0:01.82 systemd
      2 root      20   0       0      0      0 S   0,0   0,0   0:00.00 kthreadd
      3 root       0 -20       0      0      0 I   0,0   0,0   0:00.00 rcu_gp

   5033 root      20   0  389100 169828   2960 R  44,4   9,1   0:05.19 mem.sh
   5034 root      20   0  389100 169764   2896 R  38,9   9,1   0:05.18 mem2.sh
      1 root      20   0  186392   1316      0 S   0,0   0,1   0:01.82 systemd
      2 root      20   0       0      0      0 S   0,0   0,0   0:00.00 kthreadd
      3 root       0 -20       0      0      0 I   0,0   0,0   0:00.00 rcu_gp

   5033 root      20   0  422496 203092   2960 R  52,9  10,9   0:06.16 mem.sh
   5034 root      20   0  422760 203292   2896 R  41,2  10,9   0:06.15 mem2.sh
      1 root      20   0  186392   1316      0 S   0,0   0,1   0:01.82 systemd
      2 root      20   0       0      0      0 S   0,0   0,0   0:00.00 kthreadd
      3 root       0 -20       0      0      0 I   0,0   0,0   0:00.00 rcu_gp

   5033 root      20   0  456288 236884   2960 R  42,1  12,7   0:07.13 mem.sh
   5034 root      20   0  456288 236820   2896 R  36,8  12,7   0:07.12 mem2.sh
      1 root      20   0  186392   1316      0 S   0,0   0,1   0:01.82 systemd
      2 root      20   0       0      0      0 S   0,0   0,0   0:00.00 kthreadd
      3 root       0 -20       0      0      0 I   0,0   0,0   0:00.00 rcu_gp

   5034 root      20   0  489552 270084   2896 R  44,4  14,5   0:08.08 mem2.sh
   5033 root      20   0  488628 269356   2960 R  38,9  14,5   0:08.08 mem.sh
      1 root      20   0  186392   1316      0 S   0,0   0,1   0:01.82 systemd
      2 root      20   0       0      0      0 S   0,0   0,0   0:00.00 kthreadd
      3 root       0 -20       0      0      0 I   0,0   0,0   0:00.00 rcu_gp

   5033 root      20   0  519912 300508   2960 R  47,1  16,1   0:09.02 mem.sh
   5034 root      20   0  520440 300972   2896 R  41,2  16,2   0:09.01 mem2.sh
      1 root      20   0  186392   1316      0 S   0,0   0,1   0:01.82 systemd
      2 root      20   0       0      0      0 S   0,0   0,0   0:00.00 kthreadd
      3 root       0 -20       0      0      0 I   0,0   0,0   0:00.00 rcu_gp

   5033 root      20   0  549744 330340   2960 R  44,4  17,8   0:09.97 mem.sh
   5034 root      20   0  550668 331068   2896 R  33,3  17,8   0:09.97 mem2.sh
      1 root      20   0  186392   1316      0 S   0,0   0,1   0:01.82 systemd
      2 root      20   0       0      0      0 S   0,0   0,0   0:00.00 kthreadd
      3 root       0 -20       0      0      0 I   0,0   0,0   0:00.00 rcu_gp

   5034 root      20   0  577860 358524   2896 R  47,1  19,3   0:10.91 mem2.sh
   5033 root      20   0  577200 357796   2960 R  41,2  19,2   0:10.90 mem.sh
   5535 root      20   0       0      0      0 Z   5,9   0,0   0:00.01 top
      1 root      20   0  186392   1316      0 S   0,0   0,1   0:01.82 systemd
      2 root      20   0       0      0      0 S   0,0   0,0   0:00.00 kthreadd

   5033 root      20   0  610596 391060   2960 R  42,1  21,0   0:11.88 mem.sh
   5034 root      20   0  611388 391788   2896 R  36,8  21,1   0:11.87 mem2.sh
      1 root      20   0  186392   1316      0 S   0,0   0,1   0:01.82 systemd
      2 root      20   0       0      0      0 S   0,0   0,0   0:00.00 kthreadd
      3 root       0 -20       0      0      0 I   0,0   0,0   0:00.00 rcu_gp

   5034 root      20   0  643860 424260   2896 R  47,1  22,8   0:12.84 mem2.sh
   5033 root      20   0  642408 423004   2960 R  41,2  22,7   0:12.83 mem.sh
      1 root      20   0  186392   1316      0 S   0,0   0,1   0:01.82 systemd
      2 root      20   0       0      0      0 S   0,0   0,0   0:00.00 kthreadd
      3 root       0 -20       0      0      0 I   0,0   0,0   0:00.00 rcu_gp

   5033 root      20   0  672504 453100   2960 R  44,4  24,3   0:13.77 mem.sh
   5034 root      20   0  673428 453828   2896 R  38,9  24,4   0:13.76 mem2.sh
      1 root      20   0  186392   1316      0 S   0,0   0,1   0:01.82 systemd
      2 root      20   0       0      0      0 S   0,0   0,0   0:00.00 kthreadd
      3 root       0 -20       0      0      0 I   0,0   0,0   0:00.00 rcu_gp

   5033 root      20   0  701544 482140   2960 R  43,8  25,9   0:14.71 mem.sh
   5034 root      20   0  702732 483396   2896 R  43,8  26,0   0:14.71 mem2.sh
      1 root      20   0  186392   1316      0 S   0,0   0,1   0:01.82 systemd
      2 root      20   0       0      0      0 S   0,0   0,0   0:00.00 kthreadd
      3 root       0 -20       0      0      0 I   0,0   0,0   0:00.00 rcu_gp

   5034 root      20   0  731904 512436   2896 R  47,1  27,5   0:15.66 mem2.sh
   5033 root      20   0  730716 511180   2960 R  41,2  27,5   0:15.65 mem.sh
      1 root      20   0  186392   1316      0 S   0,0   0,1   0:01.82 systemd
      2 root      20   0       0      0      0 S   0,0   0,0   0:00.00 kthreadd
      3 root       0 -20       0      0      0 I   0,0   0,0   0:00.00 rcu_gp

   5033 root      20   0  760284 540748   2960 R  44,4  29,1   0:16.59 mem.sh
   5034 root      20   0  761868 542532   2896 R  38,9  29,2   0:16.59 mem2.sh
      1 root      20   0  186392   1316      0 S   0,0   0,1   0:01.82 systemd
      2 root      20   0       0      0      0 S   0,0   0,0   0:00.00 kthreadd
      3 root       0 -20       0      0      0 I   0,0   0,0   0:00.00 rcu_gp

   5033 root      20   0  790512 571108   2960 R  47,1  30,7   0:17.53 mem.sh
   5034 root      20   0  792360 572892   2896 R  47,1  30,8   0:17.53 mem2.sh
      1 root      20   0  186392   1316      0 S   0,0   0,1   0:01.82 systemd
      2 root      20   0       0      0      0 S   0,0   0,0   0:00.00 kthreadd
      3 root       0 -20       0      0      0 I   0,0   0,0   0:00.00 rcu_gp

   5034 root      20   0  823512 604044   2896 R  52,9  32,5   0:18.49 mem2.sh
   5033 root      20   0  821136 601732   2960 R  41,2  32,3   0:18.47 mem.sh
      1 root      20   0  186392   1316      0 S   0,0   0,1   0:01.82 systemd
      2 root      20   0       0      0      0 S   0,0   0,0   0:00.00 kthreadd
      3 root       0 -20       0      0      0 I   0,0   0,0   0:00.00 rcu_gp

   5033 root      20   0  851496 632092   2960 R  47,1  34,0   0:19.42 mem.sh
   5034 root      20   0  853476 634140   2896 R  41,2  34,1   0:19.41 mem2.sh
      1 root      20   0  186392   1316      0 S   0,0   0,1   0:01.82 systemd
      2 root      20   0       0      0      0 S   0,0   0,0   0:00.00 kthreadd
      3 root       0 -20       0      0      0 I   0,0   0,0   0:00.00 rcu_gp

   5034 root      20   0  884496 665028   2896 R  42,1  35,7   0:20.38 mem2.sh
   5033 root      20   0  881988 662452   2960 R  36,8  35,6   0:20.37 mem.sh
      1 root      20   0  186392   1316      0 S   0,0   0,1   0:01.82 systemd
      2 root      20   0       0      0      0 S   0,0   0,0   0:00.00 kthreadd
      3 root       0 -20       0      0      0 I   0,0   0,0   0:00.00 rcu_gp

   5034 root      20   0  916176 696708   2896 R  42,1  37,4   0:21.34 mem2.sh
   5033 root      20   0  913800 694396   2960 R  36,8  37,3   0:21.33 mem.sh
      1 root      20   0  186392   1316      0 S   0,0   0,1   0:01.82 systemd
      2 root      20   0       0      0      0 S   0,0   0,0   0:00.00 kthreadd
      3 root       0 -20       0      0      0 I   0,0   0,0   0:00.00 rcu_gp

   5034 root      20   0  948780 729444   2896 R  42,1  39,2   0:22.30 mem2.sh
   5033 root      20   0  946404 726868   2960 R  36,8  39,1   0:22.29 mem.sh
      1 root      20   0  186392   1316      0 S   0,0   0,1   0:01.82 systemd
      2 root      20   0       0      0      0 S   0,0   0,0   0:00.00 kthreadd
      3 root       0 -20       0      0      0 I   0,0   0,0   0:00.00 rcu_gp

   5034 root      20   0  981648 762180   2896 R  56,2  41,0   0:23.25 mem2.sh
   5033 root      20   0  979140 759868   2960 R  43,8  40,8   0:23.23 mem.sh
      1 root      20   0  186392   1316      0 S   0,0   0,1   0:01.82 systemd
      2 root      20   0       0      0      0 S   0,0   0,0   0:00.00 kthreadd
      3 root       0 -20       0      0      0 I   0,0   0,0   0:00.00 rcu_gp

   5033 root      20   0 1010820 791284   2960 R  50,0  42,5   0:24.18 mem.sh
   5034 root      20   0 1012932 793332   2896 R  43,8  42,6   0:24.17 mem2.sh
      1 root      20   0  186392   1316      0 S   0,0   0,1   0:01.82 systemd
      2 root      20   0       0      0      0 S   0,0   0,0   0:00.00 kthreadd
      3 root       0 -20       0      0      0 I   0,0   0,0   0:00.00 rcu_gp

   5033 root      20   0 1039728 820304   2940 R  27,8  44,1   0:25.05 mem.sh
   5034 root      20   0 1041840 822348   2872 R  27,8  44,2   0:25.05 mem2.sh
     49 root      20   0       0      0      0 S  16,7   0,0   0:07.91 kswapd0
      1 root      20   0  186392   1316      0 S   0,0   0,1   0:01.82 systemd
      2 root      20   0       0      0      0 S   0,0   0,0   0:00.00 kthreadd

   5034 root      20   0 1084344 815708   2416 R  47,1  43,8   0:26.49 mem2.sh
   5033 root      20   0 1082364 823752   2436 R  41,2  44,3   0:26.49 mem.sh
      1 root      20   0  186392   1228      0 S   0,0   0,1   0:01.82 systemd
      2 root      20   0       0      0      0 S   0,0   0,0   0:00.00 kthreadd
      3 root       0 -20       0      0      0 I   0,0   0,0   0:00.00 rcu_gp

   5033 root      20   0 1113516 825888   2436 R  45,0  44,4   0:27.43 mem.sh
   5034 root      20   0 1115100 817540   2416 R  35,0  43,9   0:27.42 mem2.sh
   5022 root      20   0  275200   4224   3436 S  10,0   0,2   0:00.14 top
      1 root      20   0  186392   1224      0 S   0,0   0,1   0:01.82 systemd
      2 root      20   0       0      0      0 S   0,0   0,0   0:00.00 kthreadd

   5033 root      20   0 1141632 824900   2436 R  42,1  44,3   0:28.33 mem.sh
   5034 root      20   0 1143612 816440   2416 R  36,8  43,9   0:28.33 mem2.sh
   6300 root      20   0       0      0      0 Z   5,3   0,0   0:00.01 top
      1 root      20   0  186392   1224      0 S   0,0   0,1   0:01.82 systemd
      2 root      20   0       0      0      0 S   0,0   0,0   0:00.00 kthreadd

   5034 root      20   0 1170012 818168   2416 R  44,4  44,0   0:29.26 mem2.sh
   5033 root      20   0 1168428 826788   2436 R  38,9  44,4   0:29.26 mem.sh
      1 root      20   0  186392   1220      0 S   0,0   0,1   0:01.82 systemd
      2 root      20   0       0      0      0 S   0,0   0,0   0:00.00 kthreadd
      3 root       0 -20       0      0      0 I   0,0   0,0   0:00.00 rcu_gp

   5033 root      20   0 1194696 824916   2436 R  44,4  44,3   0:30.18 mem.sh
   5034 root      20   0 1196940 816556   2416 R  38,9  43,9   0:30.18 mem2.sh
   6381 root      20   0       0      0      0 Z   5,6   0,0   0:00.01 top
      1 root      20   0  186392   1216      0 S   0,0   0,1   0:01.82 systemd
      2 root      20   0       0      0      0 S   0,0   0,0   0:00.00 kthreadd

   5033 root      20   0 1222284 823504   2436 R  50,0  44,3   0:31.10 mem.sh
   5034 root      20   0 1224396 815124   2416 R  50,0  43,8   0:31.11 mem2.sh
      1 root      20   0  186392   1216      0 S   0,0   0,1   0:01.82 systemd
      2 root      20   0       0      0      0 S   0,0   0,0   0:00.00 kthreadd
      3 root       0 -20       0      0      0 I   0,0   0,0   0:00.00 rcu_gp

   5033 root      20   0 1250928 823068   2436 R  37,5  44,2   0:32.01 mem.sh
   5034 root      20   0 1251984 813476   2416 R  37,5  43,7   0:32.00 mem2.sh
     49 root      20   0       0      0      0 S  12,5   0,0   0:08.50 kswapd0
      1 root      20   0  186392   1208      0 S   0,0   0,1   0:01.82 systemd
      2 root      20   0       0      0      0 S   0,0   0,0   0:00.00 kthreadd

   5034 root      20   0 1281684 814076   2416 R  33,3  43,7   0:32.91 mem2.sh
   5033 root      20   0 1280232 823528   2436 R  27,8  44,3   0:32.90 mem.sh
     49 root      20   0       0      0      0 S  11,1   0,0   0:08.58 kswapd0
      1 root      20   0  186392   1204      0 S   0,0   0,1   0:01.82 systemd
      2 root      20   0       0      0      0 S   0,0   0,0   0:00.00 kthreadd

   5033 root      20   0 1308612 825052   2436 R  43,8  44,3   0:33.78 mem.sh
   5034 root      20   0 1310064 815828   2416 R  37,5  43,8   0:33.78 mem2.sh
      1 root      20   0  186392   1196      0 S   0,0   0,1   0:01.82 systemd
      2 root      20   0       0      0      0 S   0,0   0,0   0:00.00 kthreadd
      3 root       0 -20       0      0      0 I   0,0   0,0   0:00.00 rcu_gp

   5033 root      20   0 1334880 823128   2436 R  37,5  44,2   0:34.64 mem.sh
   5034 root      20   0 1336332 813396   2416 R  37,5  43,7   0:34.65 mem2.sh
     49 root      20   0       0      0      0 S  18,8   0,0   0:08.74 kswapd0
      1 root      20   0  186392   1196      0 S   0,0   0,1   0:01.82 systemd
      2 root      20   0       0      0      0 S   0,0   0,0   0:00.00 kthreadd

   5033 root      20   0 1363920 823704   2436 R  50,0  44,3   0:35.56 mem.sh
   5034 root      20   0 1365372 814328   2416 R  50,0  43,8   0:35.57 mem2.sh
      1 root      20   0  186392   1188      0 S   0,0   0,1   0:01.82 systemd
      2 root      20   0       0      0      0 S   0,0   0,0   0:00.00 kthreadd
      3 root       0 -20       0      0      0 I   0,0   0,0   0:00.00 rcu_gp

   5033 root      20   0 1390584 822956   2436 R  31,6  44,2   0:36.45 mem.sh
   5034 root      20   0 1391640 812796   2416 R  26,3  43,7   0:36.45 mem2.sh
     49 root      20   0       0      0      0 S  10,5   0,0   0:08.91 kswapd0
      1 root      20   0  186392   1184      0 S   0,0   0,1   0:01.82 systemd
      2 root      20   0       0      0      0 S   0,0   0,0   0:00.00 kthreadd

   5034 root      20   0 1418304 816712   2100 R  38,9  43,9   0:37.37 mem2.sh
   5033 root      20   0 1416984 826736   2164 R  33,3  44,4   0:37.36 mem.sh
     49 root      20   0       0      0      0 S  16,7   0,0   0:09.00 kswapd0
      1 root      20   0  186392   2772   1588 S   0,0   0,1   0:01.83 systemd
      2 root      20   0       0      0      0 S   0,0   0,0   0:00.00 kthreadd

   5033 root      20   0 1487736 885824   1672 R  99,9  47,6   0:39.86 mem.sh
      1 root      20   0  186392   3560   2380 S   0,0   0,2   0:01.83 systemd
      2 root      20   0       0      0      0 S   0,0   0,0   0:00.00 kthreadd
      3 root       0 -20       0      0      0 I   0,0   0,0   0:00.00 rcu_gp
      4 root       0 -20       0      0      0 I   0,0   0,0   0:00.00 rcu_par_gp

   5033 root      20   0 1538556 936776   1672 R  99,9  50,3   0:41.68 mem.sh
      1 root      20   0  186392   3560   2380 S   0,0   0,2   0:01.83 systemd
      2 root      20   0       0      0      0 S   0,0   0,0   0:00.00 kthreadd
      3 root       0 -20       0      0      0 I   0,0   0,0   0:00.00 rcu_gp
      4 root       0 -20       0      0      0 I   0,0   0,0   0:00.00 rcu_par_gp

   5033 root      20   0 1597692 995912   1672 R  93,8  53,5   0:43.45 mem.sh
      1 root      20   0  186392   3560   2380 S   0,0   0,2   0:01.83 systemd
      2 root      20   0       0      0      0 S   0,0   0,0   0:00.00 kthreadd
      3 root       0 -20       0      0      0 I   0,0   0,0   0:00.00 rcu_gp
      4 root       0 -20       0      0      0 I   0,0   0,0   0:00.00 rcu_par_gp

   5033 root      20   0 1656168   1,0g   1672 R  99,9  56,7   0:45.20 mem.sh
      1 root      20   0  186392   3560   2380 S   0,0   0,2   0:01.83 systemd
      2 root      20   0       0      0      0 S   0,0   0,0   0:00.00 kthreadd
      3 root       0 -20       0      0      0 I   0,0   0,0   0:00.00 rcu_gp
      4 root       0 -20       0      0      0 I   0,0   0,0   0:00.00 rcu_par_gp

   5033 root      20   0 1712532   1,1g   1672 R  94,4  59,7   0:46.95 mem.sh
      1 root      20   0  186392   3560   2380 S   0,0   0,2   0:01.83 systemd
      2 root      20   0       0      0      0 S   0,0   0,0   0:00.00 kthreadd
      3 root       0 -20       0      0      0 I   0,0   0,0   0:00.00 rcu_gp
      4 root       0 -20       0      0      0 I   0,0   0,0   0:00.00 rcu_par_gp

   5033 root      20   0 1765596   1,1g   1672 R  94,1  62,5   0:48.68 mem.sh
      1 root      20   0  186392   3560   2380 S   0,0   0,2   0:01.83 systemd
      2 root      20   0       0      0      0 S   0,0   0,0   0:00.00 kthreadd
      3 root       0 -20       0      0      0 I   0,0   0,0   0:00.00 rcu_gp
      4 root       0 -20       0      0      0 I   0,0   0,0   0:00.00 rcu_par_gp

   5033 root      20   0 1821168   1,2g   1672 R  88,2  65,5   0:50.42 mem.sh
      1 root      20   0  186392   3560   2380 S   0,0   0,2   0:01.83 systemd
      2 root      20   0       0      0      0 S   0,0   0,0   0:00.00 kthreadd
      3 root       0 -20       0      0      0 I   0,0   0,0   0:00.00 rcu_gp
      4 root       0 -20       0      0      0 I   0,0   0,0   0:00.00 rcu_par_gp

   5033 root      20   0 1877136   1,2g   1672 R  99,9  68,5   0:52.17 mem.sh
      1 root      20   0  186392   3560   2380 S   0,0   0,2   0:01.83 systemd
      2 root      20   0       0      0      0 S   0,0   0,0   0:00.00 kthreadd
      3 root       0 -20       0      0      0 I   0,0   0,0   0:00.00 rcu_gp
      4 root       0 -20       0      0      0 I   0,0   0,0   0:00.00 rcu_par_gp

   5033 root      20   0 1933104   1,3g   1672 R  99,9  71,5   0:53.94 mem.sh
   5022 root      20   0  275200   1020    228 S   6,2   0,1   0:00.20 top
      1 root      20   0  186392   3560   2380 S   0,0   0,2   0:01.83 systemd
      2 root      20   0       0      0      0 S   0,0   0,0   0:00.00 kthreadd
      3 root       0 -20       0      0      0 I   0,0   0,0   0:00.00 rcu_gp

   5033 root      20   0 1991052   1,3g   1672 R  88,2  74,7   0:55.70 mem.sh
      1 root      20   0  186392   3560   2380 S   0,0   0,2   0:01.83 systemd
      2 root      20   0       0      0      0 S   0,0   0,0   0:00.00 kthreadd
      3 root       0 -20       0      0      0 I   0,0   0,0   0:00.00 rcu_gp
      4 root       0 -20       0      0      0 I   0,0   0,0   0:00.00 rcu_par_gp

   5033 root      20   0 2053224   1,4g   1672 R  88,2  78,0   0:57.47 mem.sh
      1 root      20   0  186392   3560   2380 S   0,0   0,2   0:01.83 systemd
      2 root      20   0       0      0      0 S   0,0   0,0   0:00.00 kthreadd
      3 root       0 -20       0      0      0 I   0,0   0,0   0:00.00 rcu_gp
      4 root       0 -20       0      0      0 I   0,0   0,0   0:00.00 rcu_par_gp

   5033 root      20   0 2109588   1,4g   1672 R  88,2  81,0   0:59.22 mem.sh
      1 root      20   0  186392   3560   2380 S   0,0   0,2   0:01.83 systemd
      2 root      20   0       0      0      0 S   0,0   0,0   0:00.00 kthreadd
      3 root       0 -20       0      0      0 I   0,0   0,0   0:00.00 rcu_gp
      4 root       0 -20       0      0      0 I   0,0   0,0   0:00.00 rcu_par_gp

   5033 root      20   0 2167404   1,5g   1672 R  93,8  84,1   1:00.97 mem.sh
      1 root      20   0  186392   3560   2380 S   0,0   0,2   0:01.83 systemd
      2 root      20   0       0      0      0 S   0,0   0,0   0:00.00 kthreadd
      3 root       0 -20       0      0      0 I   0,0   0,0   0:00.00 rcu_gp
      4 root       0 -20       0      0      0 I   0,0   0,0   0:00.00 rcu_par_gp

   5033 root      20   0 2229708   1,6g   1672 R  99,9  87,5   1:02.75 mem.sh
      1 root      20   0  186392   3560   2380 S   0,0   0,2   0:01.83 systemd
      2 root      20   0       0      0      0 S   0,0   0,0   0:00.00 kthreadd
      3 root       0 -20       0      0      0 I   0,0   0,0   0:00.00 rcu_gp
      4 root       0 -20       0      0      0 I   0,0   0,0   0:00.00 rcu_par_gp

   5033 root      20   0 2284752   1,5g   1672 R  55,6  86,8   1:04.37 mem.sh
     49 root      20   0       0      0      0 S  16,7   0,0   0:09.49 kswapd0
   7050 root      20   0  275048   4552   3980 R   5,6   0,2   0:00.01 top
      1 root      20   0  186392   3556   2380 S   0,0   0,2   0:01.83 systemd
      2 root      20   0       0      0      0 S   0,0   0,0   0:00.00 kthreadd

   5033 root      20   0 2334252   1,5g   1672 R  88,2  87,2   1:06.02 mem.sh
      1 root      20   0  186392   3552   2380 S   0,0   0,2   0:01.83 systemd
      2 root      20   0       0      0      0 S   0,0   0,0   0:00.00 kthreadd
      3 root       0 -20       0      0      0 I   0,0   0,0   0:00.00 rcu_gp
      4 root       0 -20       0      0      0 I   0,0   0,0   0:00.00 rcu_par_gp

   5033 root      20   0 2382696   1,6g   1672 R  83,3  87,7   1:07.70 mem.sh
      1 root      20   0  186392   3544   2380 S   0,0   0,2   0:01.83 systemd
      2 root      20   0       0      0      0 S   0,0   0,0   0:00.00 kthreadd
      3 root       0 -20       0      0      0 I   0,0   0,0   0:00.00 rcu_gp
      4 root       0 -20       0      0      0 I   0,0   0,0   0:00.00 rcu_par_gp

   5033 root      20   0 2432460   1,5g   1672 R  52,9  87,1   1:09.39 mem.sh
     49 root      20   0       0      0      0 S  23,5   0,0   0:09.71 kswapd0
      1 root      20   0  186392   3540   2380 S   0,0   0,2   0:01.83 systemd
      2 root      20   0       0      0      0 S   0,0   0,0   0:00.00 kthreadd
      3 root       0 -20       0      0      0 I   0,0   0,0   0:00.00 rcu_gp

   5033 root      20   0 2489616   1,6g   1672 R  93,8  88,1   1:11.10 mem.sh
      1 root      20   0  186392   3536   2380 S   0,0   0,2   0:01.83 systemd
      2 root      20   0       0      0      0 S   0,0   0,0   0:00.00 kthreadd
      3 root       0 -20       0      0      0 I   0,0   0,0   0:00.00 rcu_gp
      4 root       0 -20       0      0      0 I   0,0   0,0   0:00.00 rcu_par_gp

   5033 root      20   0 2544924   1,6g   1672 R  88,2  87,9   1:12.77 mem.sh
      1 root      20   0  186392   3532   2380 S   0,0   0,2   0:01.83 systemd
      2 root      20   0       0      0      0 S   0,0   0,0   0:00.00 kthreadd
      3 root       0 -20       0      0      0 I   0,0   0,0   0:00.00 rcu_gp
      4 root       0 -20       0      0      0 I   0,0   0,0   0:00.00 rcu_par_gp

   5033 root      20   0 2598252   1,6g   1672 R  99,9  87,7   1:14.47 mem.sh
      1 root      20   0  186392   3524   2380 S   0,0   0,2   0:01.83 systemd
      2 root      20   0       0      0      0 S   0,0   0,0   0:00.00 kthreadd
      3 root       0 -20       0      0      0 I   0,0   0,0   0:00.00 rcu_gp
      4 root       0 -20       0      0      0 I   0,0   0,0   0:00.00 rcu_par_gp

