PTime
0:00.11  MiB Swap:    820,0 total,    736,0 free,     84,0 used.   1579,5 avail Mem 
0:01.07  MiB Swap:    820,0 total,    736,0 free,     84,0 used.   1514,3 avail Mem 
0:02.02  MiB Swap:    820,0 total,    736,0 free,     84,0 used.   1452,1 avail Mem 
0:02.97  MiB Swap:    820,0 total,    736,0 free,     84,0 used.   1398,4 avail Mem 
0:03.90  MiB Swap:    820,0 total,    736,0 free,     84,0 used.   1342,3 avail Mem 
0:04.85  MiB Swap:    820,0 total,    736,0 free,     84,0 used.   1283,6 avail Mem 
0:05.81  MiB Swap:    820,0 total,    736,0 free,     84,0 used.   1218,6 avail Mem 
0:06.77  MiB Swap:    820,0 total,    736,0 free,     84,0 used.   1151,9 avail Mem 
0:07.73  MiB Swap:    820,0 total,    736,0 free,     84,0 used.   1087,4 avail Mem 
0:08.67  MiB Swap:    820,0 total,    736,0 free,     84,0 used.   1025,6 avail Mem 
0:09.61  MiB Swap:    820,0 total,    736,0 free,     84,0 used.    967,9 avail Mem 
0:10.57  MiB Swap:    820,0 total,    736,0 free,     84,0 used.    913,4 avail Mem 
0:11.52  MiB Swap:    820,0 total,    736,0 free,     84,0 used.    849,1 avail Mem 
0:12.48  MiB Swap:    820,0 total,    736,0 free,     84,0 used.    787,0 avail Mem 
0:13.43  MiB Swap:    820,0 total,    736,0 free,     84,0 used.    727,6 avail Mem 
0:14.38  MiB Swap:    820,0 total,    736,0 free,     84,0 used.    669,0 avail Mem 
0:15.32  MiB Swap:    820,0 total,    736,0 free,     84,0 used.    613,6 avail Mem 
0:16.25  MiB Swap:    820,0 total,    736,0 free,     84,0 used.    555,1 avail Mem 
0:17.20  MiB Swap:    820,0 total,    736,0 free,     84,0 used.    495,4 avail Mem 
0:18.14  MiB Swap:    820,0 total,    736,0 free,     84,0 used.    436,2 avail Mem 
0:19.08  MiB Swap:    820,0 total,    736,0 free,     84,0 used.    376,0 avail Mem 
0:20.03  MiB Swap:    820,0 total,    736,0 free,     84,0 used.    315,9 avail Mem 
0:20.99  MiB Swap:    820,0 total,    736,0 free,     84,0 used.    253,2 avail Mem 
0:21.95  MiB Swap:    820,0 total,    736,0 free,     84,0 used.    190,1 avail Mem 
0:22.90  MiB Swap:    820,0 total,    736,0 free,     84,0 used.    125,9 avail Mem 
0:23.84  MiB Swap:    820,0 total,    736,0 free,     84,0 used.     64,2 avail Mem 
0:24.76  MiB Swap:    820,0 total,    735,5 free,     84,5 used.     17,5 avail Mem 
0:26.03  MiB Swap:    820,0 total,    648,7 free,    171,3 used.     26,3 avail Mem 
0:27.09  MiB Swap:    820,0 total,    592,1 free,    227,9 used.     23,7 avail Mem 
0:28.00  MiB Swap:    820,0 total,    534,6 free,    285,4 used.     25,5 avail Mem 
0:28.91  MiB Swap:    820,0 total,    486,1 free,    333,8 used.     22,6 avail Mem 
0:29.83  MiB Swap:    820,0 total,    435,7 free,    384,3 used.     15,8 avail Mem 
0:30.75  MiB Swap:    820,0 total,    387,6 free,    432,4 used.     16,2 avail Mem 
0:31.67  MiB Swap:    820,0 total,    336,0 free,    484,0 used.     12,3 avail Mem 
0:32.58  MiB Swap:    820,0 total,    280,1 free,    539,9 used.     10,5 avail Mem 
0:33.47  MiB Swap:    820,0 total,    208,4 free,    611,6 used.     27,0 avail Mem 
0:34.33  MiB Swap:    820,0 total,    170,7 free,    649,3 used.     12,1 avail Mem 
0:35.21  MiB Swap:    820,0 total,    115,9 free,    704,1 used.     10,8 avail Mem 
0:36.12  MiB Swap:    820,0 total,     61,0 free,    759,0 used.     13,2 avail Mem 
0:37.01  MiB Swap:    820,0 total,      7,5 free,    812,5 used.     13,9 avail Mem 
0:38.97  MiB Swap:    820,0 total,    361,7 free,    458,3 used.    756,4 avail Mem 
0:41.10  MiB Swap:    820,0 total,    361,7 free,    458,3 used.    706,4 avail Mem 
0:42.88  MiB Swap:    820,0 total,    361,7 free,    458,3 used.    648,8 avail Mem 
0:44.63  MiB Swap:    820,0 total,    361,7 free,    458,3 used.    592,3 avail Mem 
0:46.39  MiB Swap:    820,0 total,    361,7 free,    458,3 used.    535,7 avail Mem 
0:48.11  MiB Swap:    820,0 total,    361,7 free,    458,3 used.    484,3 avail Mem 
0:49.85  MiB Swap:    820,0 total,    361,7 free,    458,3 used.    430,1 avail Mem 
0:51.59  MiB Swap:    820,0 total,    361,7 free,    458,3 used.    375,4 avail Mem 
0:53.35  MiB Swap:    820,0 total,    361,7 free,    458,3 used.    321,1 avail Mem 
0:55.12  MiB Swap:    820,0 total,    361,7 free,    458,3 used.    264,3 avail Mem 
0:56.89  MiB Swap:    820,0 total,    361,7 free,    458,3 used.    203,6 avail Mem 
0:58.64  MiB Swap:    820,0 total,    361,7 free,    458,3 used.    147,6 avail Mem 
1:00.41  MiB Swap:    820,0 total,    361,7 free,    458,3 used.     91,4 avail Mem 
1:02.17  MiB Swap:    820,0 total,    361,7 free,    458,3 used.     31,0 avail Mem 
1:03.84  MiB Swap:    820,0 total,    317,2 free,    502,8 used.     19,5 avail Mem 
1:05.49  MiB Swap:    820,0 total,    254,4 free,    565,6 used.     36,6 avail Mem 
1:07.13  MiB Swap:    820,0 total,    216,5 free,    603,5 used.     25,7 avail Mem 
1:08.84  MiB Swap:    820,0 total,    176,8 free,    643,2 used.     16,8 avail Mem 
1:10.54  MiB Swap:    820,0 total,    118,1 free,    701,9 used.     23,1 avail Mem 
1:12.21  MiB Swap:    820,0 total,     61,6 free,    758,4 used.     25,5 avail Mem 
1:13.93  MiB Swap:    820,0 total,      5,4 free,    814,6 used.     30,0 avail Mem 
