PTime
0:00.25  MiB Mem :   1817,3 total,   1403,8 free,    182,2 used,    231,3 buff/cache
0:02.01  MiB Mem :   1817,3 total,   1352,1 free,    233,9 used,    231,4 buff/cache
0:03.76  MiB Mem :   1817,3 total,   1304,9 free,    281,0 used,    231,4 buff/cache
0:05.52  MiB Mem :   1817,3 total,   1255,5 free,    330,4 used,    231,4 buff/cache
0:07.27  MiB Mem :   1817,3 total,   1204,4 free,    381,5 used,    231,4 buff/cache
0:09.03  MiB Mem :   1817,3 total,   1153,5 free,    432,5 used,    231,4 buff/cache
0:10.78  MiB Mem :   1817,3 total,   1102,1 free,    483,9 used,    231,4 buff/cache
0:12.52  MiB Mem :   1817,3 total,   1049,2 free,    536,8 used,    231,4 buff/cache
0:14.26  MiB Mem :   1817,3 total,    997,9 free,    588,0 used,    231,4 buff/cache
0:16.05  MiB Mem :   1817,3 total,    945,1 free,    640,8 used,    231,4 buff/cache
0:17.83  MiB Mem :   1817,3 total,    885,7 free,    700,2 used,    231,4 buff/cache
0:19.56  MiB Mem :   1817,3 total,    835,2 free,    750,8 used,    231,4 buff/cache
0:21.33  MiB Mem :   1817,3 total,    784,2 free,    801,7 used,    231,4 buff/cache
0:23.08  MiB Mem :   1817,3 total,    732,7 free,    853,2 used,    231,4 buff/cache
0:24.83  MiB Mem :   1817,3 total,    682,0 free,    903,9 used,    231,4 buff/cache
0:26.59  MiB Mem :   1817,3 total,    629,8 free,    956,1 used,    231,4 buff/cache
0:28.35  MiB Mem :   1817,3 total,    580,4 free,   1005,5 used,    231,4 buff/cache
0:30.11  MiB Mem :   1817,3 total,    529,0 free,   1056,9 used,    231,4 buff/cache
0:31.87  MiB Mem :   1817,3 total,    479,9 free,   1106,1 used,    231,4 buff/cache
0:33.62  MiB Mem :   1817,3 total,    430,5 free,   1155,4 used,    231,4 buff/cache
0:35.37  MiB Mem :   1817,3 total,    382,5 free,   1203,5 used,    231,4 buff/cache
0:37.12  MiB Mem :   1817,3 total,    334,0 free,   1251,9 used,    231,4 buff/cache
0:38.87  MiB Mem :   1817,3 total,    284,4 free,   1301,5 used,    231,4 buff/cache
0:40.62  MiB Mem :   1817,3 total,    233,8 free,   1352,1 used,    231,4 buff/cache
0:42.37  MiB Mem :   1817,3 total,    184,2 free,   1401,7 used,    231,4 buff/cache
0:44.13  MiB Mem :   1817,3 total,    132,8 free,   1453,1 used,    231,4 buff/cache
0:45.86  MiB Mem :   1817,3 total,     83,1 free,   1502,8 used,    231,4 buff/cache
0:47.76  MiB Mem :   1817,3 total,     66,4 free,   1557,5 used,    193,5 buff/cache
0:49.56  MiB Mem :   1817,3 total,     72,7 free,   1610,8 used,    133,8 buff/cache
0:51.35  MiB Mem :   1817,3 total,     73,0 free,   1658,8 used,     85,6 buff/cache
0:53.19  MiB Mem :   1817,3 total,     76,4 free,   1676,3 used,     64,7 buff/cache
0:55.05  MiB Mem :   1817,3 total,     80,5 free,   1675,9 used,     60,9 buff/cache
0:56.72  MiB Mem :   1817,3 total,     63,9 free,   1694,3 used,     59,2 buff/cache
0:58.40  MiB Mem :   1817,3 total,     65,4 free,   1695,7 used,     56,3 buff/cache
1:00.19  MiB Mem :   1817,3 total,     68,4 free,   1692,2 used,     56,7 buff/cache
1:01.91  MiB Mem :   1817,3 total,     64,9 free,   1696,8 used,     55,6 buff/cache
1:03.61  MiB Mem :   1817,3 total,     68,0 free,   1695,3 used,     54,1 buff/cache
1:05.34  MiB Mem :   1817,3 total,     75,3 free,   1690,4 used,     51,6 buff/cache
1:07.02  MiB Mem :   1817,3 total,     74,6 free,   1691,3 used,     51,4 buff/cache
1:08.74  MiB Mem :   1817,3 total,     73,2 free,   1692,7 used,     51,5 buff/cache
1:10.45  MiB Mem :   1817,3 total,     76,3 free,   1691,0 used,     49,9 buff/cache
1:12.17  MiB Mem :   1817,3 total,     69,8 free,   1698,2 used,     49,3 buff/cache
1:13.87  MiB Mem :   1817,3 total,     68,1 free,   1700,4 used,     48,8 buff/cache
1:15.56  MiB Mem :   1817,3 total,     71,2 free,   1697,7 used,     48,4 buff/cache
1:17.32  MiB Mem :   1817,3 total,     74,3 free,   1699,5 used,     43,5 buff/cache
