0:00.25     1579 root      20   0  230700  11076   2872 R  88,2   0,6   0:00.25 mem.sh
0:02.01     1579 root      20   0  284292  64668   2872 R  88,2   3,5   0:02.01 mem.sh
0:03.76     1579 root      20   0  333132 113508   2872 R  88,2   6,1   0:03.76 mem.sh
0:05.52     1579 root      20   0  382632 163140   2872 R  94,4   8,8   0:05.52 mem.sh
0:07.27     1579 root      20   0  435168 215676   2872 R  88,9  11,6   0:07.27 mem.sh
0:09.03     1579 root      20   0  486912 267420   2872 R  88,2  14,4   0:09.03 mem.sh
0:10.78     1579 root      20   0  538260 318636   2872 R  88,2  17,1   0:10.78 mem.sh
0:12.52     1579 root      20   0  592116 372492   2872 R  99,9  20,0   0:12.52 mem.sh
0:14.26     1579 root      20   0  643860 424236   2872 R  93,8  22,8   0:14.26 mem.sh
0:16.05     1579 root      20   0  697716 478092   2872 R  88,2  25,7   0:16.05 mem.sh
0:17.83     1579 root      20   0  759624 540132   2872 R  88,9  29,0   0:17.83 mem.sh
0:19.56     1579 root      20   0  810840 591348   2872 R  87,5  31,8   0:19.56 mem.sh
0:21.33     1579 root      20   0  862452 642828   2872 R  88,2  34,5   0:21.33 mem.sh
0:23.08     1579 root      20   0  915648 696156   2872 R  88,2  37,4   0:23.08 mem.sh
0:24.83     1579 root      20   0  967920 748428   2872 R  99,9  40,2   0:24.83 mem.sh
0:26.59     1579 root      20   0 1020456 800964   2872 R  88,2  43,0   0:26.59 mem.sh
0:28.35     1579 root      20   0 1071672 852180   2872 R  88,2  45,8   0:28.35 mem.sh
0:30.11     1579 root      20   0 1124340 904716   2872 R  88,2  48,6   0:30.11 mem.sh
0:31.87     1579 root      20   0 1174632 955140   2872 R  99,9  51,3   0:31.87 mem.sh
0:33.62     1579 root      20   0 1224924 981,7m   2872 R  88,2  54,0   0:33.62 mem.sh
0:35.37     1579 root      20   0 1274292   1,0g   2872 R  88,2  56,7   0:35.37 mem.sh
0:37.12     1579 root      20   0 1323528   1,1g   2872 R  82,4  59,3   0:37.12 mem.sh
0:38.87     1579 root      20   0 1373952   1,1g   2872 R  87,5  62,0   0:38.87 mem.sh
0:40.62     1579 root      20   0 1425168   1,1g   2872 R  88,2  64,8   0:40.62 mem.sh
0:42.37     1579 root      20   0 1476252   1,2g   2872 R  88,2  67,5   0:42.37 mem.sh
0:44.13     1579 root      20   0 1528788   1,2g   2872 R  93,8  70,4   0:44.13 mem.sh
0:45.86     1579 root      20   0 1579476   1,3g   2872 R  82,4  73,1   0:45.86 mem.sh
0:47.76     1579 root      20   0 1634388   1,3g   2780 R  93,8  76,0   0:47.76 mem.sh
0:49.56     1579 root      20   0 1688772   1,4g   2780 R  93,8  78,9   0:49.56 mem.sh
0:51.35     1579 root      20   0 1739592   1,4g   2780 R  93,3  81,7   0:51.35 mem.sh
0:53.19     1579 root      20   0 1797408   1,5g   2776 R  83,3  83,8   0:53.19 mem.sh
0:55.05     1579 root      20   0 1851660   1,5g   2632 R  93,8  83,9   0:55.05 mem.sh
0:56.72     1579 root      20   0 1904724   1,5g   2632 R  93,8  84,0   0:56.72 mem.sh
0:58.40     1579 root      20   0 1960560   1,5g   2624 R  99,9  84,1   0:58.40 mem.sh
1:00.19     1579 root      20   0 2021280   1,5g   2572 R  99,9  84,0   1:00.19 mem.sh
1:01.91     1579 root      20   0 2081604   1,5g   2572 R  99,9  84,3   1:01.91 mem.sh
1:03.61     1579 root      20   0 2140476   1,5g   2572 R  88,2  84,5   1:03.61 mem.sh
1:05.34     1579 root      20   0 2198820   1,5g   2572 R  87,5  83,7   1:05.34 mem.sh
1:07.02     1579 root      20   0 2252676   1,5g   2572 R  88,2  84,5   1:07.02 mem.sh
1:08.74     1579 root      20   0 2307720   1,5g   2568 R  93,8  84,5   1:08.74 mem.sh
1:10.45     1579 root      20   0 2362764   1,5g   2568 R  99,9  85,0   1:10.45 mem.sh
1:12.17     1579 root      20   0 2421768   1,5g   2568 R  99,9  85,0   1:12.17 mem.sh
1:13.87     1579 root      20   0 2477076   1,5g   2568 R  83,3  85,1   1:13.87 mem.sh
1:15.56     1579 root      20   0 2528424   1,5g   2568 R  99,9  84,0   1:15.56 mem.sh
1:17.32     1579 root      20   0 2585976   1,5g   2568 R  94,1  84,5   1:17.32 mem.sh
