PTime
0:00.25  MiB Swap:    820,0 total,    820,0 free,      0,0 used.   1478,7 avail Mem 
0:02.01  MiB Swap:    820,0 total,    820,0 free,      0,0 used.   1427,2 avail Mem 
0:03.76  MiB Swap:    820,0 total,    820,0 free,      0,0 used.   1380,7 avail Mem 
0:05.52  MiB Swap:    820,0 total,    820,0 free,      0,0 used.   1331,0 avail Mem 
0:07.27  MiB Swap:    820,0 total,    820,0 free,      0,0 used.   1279,6 avail Mem 
0:09.03  MiB Swap:    820,0 total,    820,0 free,      0,0 used.   1228,3 avail Mem 
0:10.78  MiB Swap:    820,0 total,    820,0 free,      0,0 used.   1177,1 avail Mem 
0:12.52  MiB Swap:    820,0 total,    820,0 free,      0,0 used.   1124,0 avail Mem 
0:14.26  MiB Swap:    820,0 total,    820,0 free,      0,0 used.   1073,1 avail Mem 
0:16.05  MiB Swap:    820,0 total,    820,0 free,      0,0 used.   1019,5 avail Mem 
0:17.83  MiB Swap:    820,0 total,    820,0 free,      0,0 used.    960,6 avail Mem 
0:19.56  MiB Swap:    820,0 total,    820,0 free,      0,0 used.    910,1 avail Mem 
0:21.33  MiB Swap:    820,0 total,    820,0 free,      0,0 used.    859,2 avail Mem 
0:23.08  MiB Swap:    820,0 total,    820,0 free,      0,0 used.    807,4 avail Mem 
0:24.83  MiB Swap:    820,0 total,    820,0 free,      0,0 used.    757,3 avail Mem 
0:26.59  MiB Swap:    820,0 total,    820,0 free,      0,0 used.    704,9 avail Mem 
0:28.35  MiB Swap:    820,0 total,    820,0 free,      0,0 used.    655,5 avail Mem 
0:30.11  MiB Swap:    820,0 total,    820,0 free,      0,0 used.    604,3 avail Mem 
0:31.87  MiB Swap:    820,0 total,    820,0 free,      0,0 used.    555,2 avail Mem 
0:33.62  MiB Swap:    820,0 total,    820,0 free,      0,0 used.    505,4 avail Mem 
0:35.37  MiB Swap:    820,0 total,    820,0 free,      0,0 used.    457,8 avail Mem 
0:37.12  MiB Swap:    820,0 total,    820,0 free,      0,0 used.    409,0 avail Mem 
0:38.87  MiB Swap:    820,0 total,    820,0 free,      0,0 used.    360,0 avail Mem 
0:40.62  MiB Swap:    820,0 total,    820,0 free,      0,0 used.    308,8 avail Mem 
0:42.37  MiB Swap:    820,0 total,    820,0 free,      0,0 used.    259,4 avail Mem 
0:44.13  MiB Swap:    820,0 total,    820,0 free,      0,0 used.    207,4 avail Mem 
0:45.86  MiB Swap:    820,0 total,    820,0 free,      0,0 used.    158,8 avail Mem 
0:47.76  MiB Swap:    820,0 total,    818,7 free,      1,3 used.    106,8 avail Mem 
0:49.56  MiB Swap:    820,0 total,    817,7 free,      2,3 used.     60,3 avail Mem 
0:51.35  MiB Swap:    820,0 total,    814,2 free,      5,8 used.     35,2 avail Mem 
0:53.19  MiB Swap:    820,0 total,    771,7 free,     48,3 used.     28,1 avail Mem 
0:55.05  MiB Swap:    820,0 total,    721,4 free,     98,6 used.     29,7 avail Mem 
0:56.72  MiB Swap:    820,0 total,    668,1 free,    151,9 used.     31,9 avail Mem 
0:58.40  MiB Swap:    820,0 total,    614,0 free,    206,0 used.     31,4 avail Mem 
1:00.19  MiB Swap:    820,0 total,    568,0 free,    252,0 used.     15,5 avail Mem 
1:01.91  MiB Swap:    820,0 total,    495,3 free,    324,6 used.     31,3 avail Mem 
1:03.61  MiB Swap:    820,0 total,    429,0 free,    391,0 used.     30,0 avail Mem 
1:05.34  MiB Swap:    820,0 total,    383,5 free,    436,5 used.     20,5 avail Mem 
1:07.02  MiB Swap:    820,0 total,    331,1 free,    488,8 used.     20,2 avail Mem 
1:08.74  MiB Swap:    820,0 total,    277,1 free,    542,9 used.     18,4 avail Mem 
1:10.45  MiB Swap:    820,0 total,    222,3 free,    597,7 used.     20,0 avail Mem 
1:12.17  MiB Swap:    820,0 total,    159,6 free,    660,4 used.     24,9 avail Mem 
1:13.87  MiB Swap:    820,0 total,     83,7 free,    736,3 used.     36,9 avail Mem 
1:15.56  MiB Swap:    820,0 total,     51,8 free,    768,2 used.     15,9 avail Mem 
1:17.32  MiB Swap:    820,0 total,    777,4 free,     42,6 used.   1582,4 avail Mem 
