   1579 root      20   0  248784  29292   2872 R  94,4   1,6   0:00.83 mem.sh
      1 root      20   0  186392  14184   9560 S   0,0   0,8   0:01.80 systemd
      2 root      20   0       0      0      0 S   0,0   0,0   0:00.00 kthreadd
      3 root       0 -20       0      0      0 I   0,0   0,0   0:00.00 rcu_gp
      4 root       0 -20       0      0      0 I   0,0   0,0   0:00.00 rcu_par_gp

   1579 root      20   0  300396  80772   2872 R  82,4   4,3   0:02.58 mem.sh
      1 root      20   0  186392  14184   9560 S   0,0   0,8   0:01.80 systemd
      2 root      20   0       0      0      0 S   0,0   0,0   0:00.00 kthreadd
      3 root       0 -20       0      0      0 I   0,0   0,0   0:00.00 rcu_gp
      4 root       0 -20       0      0      0 I   0,0   0,0   0:00.00 rcu_par_gp

   1579 root      20   0  347916 128292   2872 R  88,2   6,9   0:04.32 mem.sh
      1 root      20   0  186392  14184   9560 S   0,0   0,8   0:01.80 systemd
      2 root      20   0       0      0      0 S   0,0   0,0   0:00.00 kthreadd
      3 root       0 -20       0      0      0 I   0,0   0,0   0:00.00 rcu_gp
      4 root       0 -20       0      0      0 I   0,0   0,0   0:00.00 rcu_par_gp

   1579 root      20   0  398736 179244   2872 R  94,1   9,6   0:06.09 mem.sh
   1663 root      20   0  275048   4436   3860 R   5,9   0,2   0:00.01 top
      1 root      20   0  186392  14184   9560 S   0,0   0,8   0:01.80 systemd
      2 root      20   0       0      0      0 S   0,0   0,0   0:00.00 kthreadd
      3 root       0 -20       0      0      0 I   0,0   0,0   0:00.00 rcu_gp

   1579 root      20   0  451668 232044   2872 R  83,3  12,5   0:07.85 mem.sh
      1 root      20   0  186392  14184   9560 S   0,0   0,8   0:01.80 systemd
      2 root      20   0       0      0      0 S   0,0   0,0   0:00.00 kthreadd
      3 root       0 -20       0      0      0 I   0,0   0,0   0:00.00 rcu_gp
      4 root       0 -20       0      0      0 I   0,0   0,0   0:00.00 rcu_par_gp

   1579 root      20   0  504072 284580   2872 R  99,9  15,3   0:09.61 mem.sh
      1 root      20   0  186392  14184   9560 S   0,0   0,8   0:01.80 systemd
      2 root      20   0       0      0      0 S   0,0   0,0   0:00.00 kthreadd
      3 root       0 -20       0      0      0 I   0,0   0,0   0:00.00 rcu_gp
      4 root       0 -20       0      0      0 I   0,0   0,0   0:00.00 rcu_par_gp

   1579 root      20   0  555288 335796   2872 R  88,2  18,0   0:11.34 mem.sh
      1 root      20   0  186392  14184   9560 S   0,0   0,8   0:01.80 systemd
      2 root      20   0       0      0      0 S   0,0   0,0   0:00.00 kthreadd
      3 root       0 -20       0      0      0 I   0,0   0,0   0:00.00 rcu_gp
      4 root       0 -20       0      0      0 I   0,0   0,0   0:00.00 rcu_par_gp

   1579 root      20   0  609540 389916   2872 R  93,8  21,0   0:13.08 mem.sh
      1 root      20   0  186392  14184   9560 S   0,0   0,8   0:01.80 systemd
      2 root      20   0       0      0      0 S   0,0   0,0   0:00.00 kthreadd
      3 root       0 -20       0      0      0 I   0,0   0,0   0:00.00 rcu_gp
      4 root       0 -20       0      0      0 I   0,0   0,0   0:00.00 rcu_par_gp

   1579 root      20   0  662208 442716   2872 R  88,9  23,8   0:14.87 mem.sh
      1 root      20   0  186392  14184   9560 S   0,0   0,8   0:01.80 systemd
      2 root      20   0       0      0      0 S   0,0   0,0   0:00.00 kthreadd
      3 root       0 -20       0      0      0 I   0,0   0,0   0:00.00 rcu_gp
      4 root       0 -20       0      0      0 I   0,0   0,0   0:00.00 rcu_par_gp

   1579 root      20   0  718176 498684   2872 R  83,3  26,8   0:16.62 mem.sh
      1 root      20   0  186392  14184   9560 S   0,0   0,8   0:01.80 systemd
      2 root      20   0       0      0      0 S   0,0   0,0   0:00.00 kthreadd
      3 root       0 -20       0      0      0 I   0,0   0,0   0:00.00 rcu_gp
      4 root       0 -20       0      0      0 I   0,0   0,0   0:00.00 rcu_par_gp

   1579 root      20   0  776652 557028   2872 R  99,9  29,9   0:18.40 mem.sh
      1 root      20   0  186392  14184   9560 S   0,0   0,8   0:01.80 systemd
      2 root      20   0       0      0      0 S   0,0   0,0   0:00.00 kthreadd
      3 root       0 -20       0      0      0 I   0,0   0,0   0:00.00 rcu_gp
      4 root       0 -20       0      0      0 I   0,0   0,0   0:00.00 rcu_par_gp

   1579 root      20   0  828660 609036   2872 R  88,9  32,7   0:20.16 mem.sh
      1 root      20   0  186392  14184   9560 S   0,0   0,8   0:01.80 systemd
      2 root      20   0       0      0      0 S   0,0   0,0   0:00.00 kthreadd
      3 root       0 -20       0      0      0 I   0,0   0,0   0:00.00 rcu_gp
      4 root       0 -20       0      0      0 I   0,0   0,0   0:00.00 rcu_par_gp

   1579 root      20   0  880272 660780   2872 R  88,2  35,5   0:21.91 mem.sh
      1 root      20   0  186392  14184   9560 S   0,0   0,8   0:01.80 systemd
      2 root      20   0       0      0      0 S   0,0   0,0   0:00.00 kthreadd
      3 root       0 -20       0      0      0 I   0,0   0,0   0:00.00 rcu_gp
      4 root       0 -20       0      0      0 I   0,0   0,0   0:00.00 rcu_par_gp

   1579 root      20   0  933468 713844   2872 R  82,4  38,4   0:23.66 mem.sh
      1 root      20   0  186392  14184   9560 S   0,0   0,8   0:01.80 systemd
      2 root      20   0       0      0      0 S   0,0   0,0   0:00.00 kthreadd
      3 root       0 -20       0      0      0 I   0,0   0,0   0:00.00 rcu_gp
      4 root       0 -20       0      0      0 I   0,0   0,0   0:00.00 rcu_par_gp

   1579 root      20   0  984156 764532   2872 R  93,8  41,1   0:25.42 mem.sh
      1 root      20   0  186392  14184   9560 S   0,0   0,8   0:01.80 systemd
      2 root      20   0       0      0      0 S   0,0   0,0   0:00.00 kthreadd
      3 root       0 -20       0      0      0 I   0,0   0,0   0:00.00 rcu_gp
      4 root       0 -20       0      0      0 I   0,0   0,0   0:00.00 rcu_par_gp

   1579 root      20   0 1037880 818388   2872 R  88,2  44,0   0:27.17 mem.sh
      1 root      20   0  186392  14184   9560 S   0,0   0,8   0:01.80 systemd
      2 root      20   0       0      0      0 S   0,0   0,0   0:00.00 kthreadd
      3 root       0 -20       0      0      0 I   0,0   0,0   0:00.00 rcu_gp
      4 root       0 -20       0      0      0 I   0,0   0,0   0:00.00 rcu_par_gp

   1579 root      20   0 1088964 869340   2872 R  88,9  46,7   0:28.94 mem.sh
      1 root      20   0  186392  14184   9560 S   0,0   0,8   0:01.80 systemd
      2 root      20   0       0      0      0 S   0,0   0,0   0:00.00 kthreadd
      3 root       0 -20       0      0      0 I   0,0   0,0   0:00.00 rcu_gp
      4 root       0 -20       0      0      0 I   0,0   0,0   0:00.00 rcu_par_gp

   1579 root      20   0 1140444 920820   2872 R  82,4  49,5   0:30.68 mem.sh
     10 root      20   0       0      0      0 S   5,9   0,0   0:00.06 ksoftirqd/0
      1 root      20   0  186392  14184   9560 S   0,0   0,8   0:01.80 systemd
      2 root      20   0       0      0      0 S   0,0   0,0   0:00.00 kthreadd
      3 root       0 -20       0      0      0 I   0,0   0,0   0:00.00 rcu_gp

   1579 root      20   0 1190868 971244   2872 R  88,2  52,2   0:32.44 mem.sh
      1 root      20   0  186392  14184   9560 S   0,0   0,8   0:01.80 systemd
      2 root      20   0       0      0      0 S   0,0   0,0   0:00.00 kthreadd
      3 root       0 -20       0      0      0 I   0,0   0,0   0:00.00 rcu_gp
      4 root       0 -20       0      0      0 I   0,0   0,0   0:00.00 rcu_par_gp

   1579 root      20   0 1241820 998,2m   2872 R  82,4  54,9   0:34.19 mem.sh
      1 root      20   0  186392  14184   9560 S   0,0   0,8   0:01.80 systemd
      2 root      20   0       0      0      0 S   0,0   0,0   0:00.00 kthreadd
      3 root       0 -20       0      0      0 I   0,0   0,0   0:00.00 rcu_gp
      4 root       0 -20       0      0      0 I   0,0   0,0   0:00.00 rcu_par_gp

   1579 root      20   0 1290000   1,0g   2872 R  88,2  57,5   0:35.95 mem.sh
    767 root      20   0       0      0      0 I   5,9   0,0   0:00.12 kworker/0:5-events
      1 root      20   0  186392  14184   9560 S   0,0   0,8   0:01.80 systemd
      2 root      20   0       0      0      0 S   0,0   0,0   0:00.00 kthreadd
      3 root       0 -20       0      0      0 I   0,0   0,0   0:00.00 rcu_gp

   1579 root      20   0 1340028   1,1g   2872 R  99,9  60,2   0:37.70 mem.sh
      1 root      20   0  186392  14184   9560 S   0,0   0,8   0:01.80 systemd
      2 root      20   0       0      0      0 S   0,0   0,0   0:00.00 kthreadd
      3 root       0 -20       0      0      0 I   0,0   0,0   0:00.00 rcu_gp
      4 root       0 -20       0      0      0 I   0,0   0,0   0:00.00 rcu_par_gp

   1579 root      20   0 1390188   1,1g   2872 R  99,9  62,9   0:39.44 mem.sh
      1 root      20   0  186392  14184   9560 S   0,0   0,8   0:01.80 systemd
      2 root      20   0       0      0      0 S   0,0   0,0   0:00.00 kthreadd
      3 root       0 -20       0      0      0 I   0,0   0,0   0:00.00 rcu_gp
      4 root       0 -20       0      0      0 I   0,0   0,0   0:00.00 rcu_par_gp

   1579 root      20   0 1442592   1,2g   2872 R  87,5  65,7   0:41.19 mem.sh
    681 root      20   0       0      0      0 I   6,2   0,0   0:00.04 kworker/0:4-kacpi_notify
      1 root      20   0  186392  14184   9560 S   0,0   0,8   0:01.80 systemd
      2 root      20   0       0      0      0 S   0,0   0,0   0:00.00 kthreadd
      3 root       0 -20       0      0      0 I   0,0   0,0   0:00.00 rcu_gp

   1579 root      20   0 1493544   1,2g   2872 R  88,9  68,5   0:42.96 mem.sh
      1 root      20   0  186392  14184   9560 S   0,0   0,8   0:01.80 systemd
      2 root      20   0       0      0      0 S   0,0   0,0   0:00.00 kthreadd
      3 root       0 -20       0      0      0 I   0,0   0,0   0:00.00 rcu_gp
      4 root       0 -20       0      0      0 I   0,0   0,0   0:00.00 rcu_par_gp

   1579 root      20   0 1545552   1,3g   2872 R  87,5  71,3   0:44.69 mem.sh
     24 root      39  19       0      0      0 R   6,2   0,0   0:00.04 khugepaged
      1 root      20   0  186392  14184   9560 S   0,0   0,8   0:01.80 systemd
      2 root      20   0       0      0      0 S   0,0   0,0   0:00.00 kthreadd
      3 root       0 -20       0      0      0 I   0,0   0,0   0:00.00 rcu_gp

   1579 root      20   0 1596108   1,3g   2872 R  88,2  74,0   0:46.44 mem.sh
      1 root      20   0  186392  14184   9560 S   0,0   0,8   0:01.80 systemd
      2 root      20   0       0      0      0 S   0,0   0,0   0:00.00 kthreadd
      3 root       0 -20       0      0      0 I   0,0   0,0   0:00.00 rcu_gp
      4 root       0 -20       0      0      0 I   0,0   0,0   0:00.00 rcu_par_gp

   1579 root      20   0 1654320   1,4g   2780 R  88,9  77,1   0:48.39 mem.sh
      1 root      20   0  186392  14180   9556 S   0,0   0,8   0:01.80 systemd
      2 root      20   0       0      0      0 S   0,0   0,0   0:00.00 kthreadd
      3 root       0 -20       0      0      0 I   0,0   0,0   0:00.00 rcu_gp
      4 root       0 -20       0      0      0 I   0,0   0,0   0:00.00 rcu_par_gp

   1579 root      20   0 1706856   1,4g   2780 R  82,4  79,9   0:50.23 mem.sh
      1 root      20   0  186392  14176   9552 S   0,0   0,8   0:01.80 systemd
      2 root      20   0       0      0      0 S   0,0   0,0   0:00.00 kthreadd
      3 root       0 -20       0      0      0 I   0,0   0,0   0:00.00 rcu_gp
      4 root       0 -20       0      0      0 I   0,0   0,0   0:00.00 rcu_par_gp

   1579 root      20   0 1761768   1,5g   2776 R  76,5  82,9   0:52.01 mem.sh
     49 root      20   0       0      0      0 S   5,9   0,0   0:00.22 kswapd0
      1 root      20   0  186392  11840   7216 S   0,0   0,6   0:01.80 systemd
      2 root      20   0       0      0      0 S   0,0   0,0   0:00.00 kthreadd
      3 root       0 -20       0      0      0 I   0,0   0,0   0:00.00 rcu_gp

   1579 root      20   0 1818264   1,5g   2776 R  82,4  83,9   0:53.92 mem.sh
      1 root      20   0  186392   9812   5188 S   0,0   0,5   0:01.80 systemd
      2 root      20   0       0      0      0 S   0,0   0,0   0:00.00 kthreadd
      3 root       0 -20       0      0      0 I   0,0   0,0   0:00.00 rcu_gp
      4 root       0 -20       0      0      0 I   0,0   0,0   0:00.00 rcu_par_gp

   1579 root      20   0 1868952   1,5g   2632 R  87,5  83,9   0:55.59 mem.sh
      1 root      20   0  186392   9312   4688 S   0,0   0,5   0:01.80 systemd
      2 root      20   0       0      0      0 S   0,0   0,0   0:00.00 kthreadd
      3 root       0 -20       0      0      0 I   0,0   0,0   0:00.00 rcu_gp
      4 root       0 -20       0      0      0 I   0,0   0,0   0:00.00 rcu_par_gp

   1579 root      20   0 1922412   1,5g   2624 R  88,2  84,0   0:57.27 mem.sh
      1 root      20   0  186392   8760   4136 S   0,0   0,5   0:01.80 systemd
      2 root      20   0       0      0      0 S   0,0   0,0   0:00.00 kthreadd
      3 root       0 -20       0      0      0 I   0,0   0,0   0:00.00 rcu_gp
      4 root       0 -20       0      0      0 I   0,0   0,0   0:00.00 rcu_par_gp

   1579 root      20   0 1980228   1,5g   2624 R  99,9  84,2   0:58.98 mem.sh
   2298 root      20   0  275048   4516   3944 R   6,2   0,2   0:00.01 top
      1 root      20   0  186392   8376   3752 S   0,0   0,5   0:01.80 systemd
      2 root      20   0       0      0      0 S   0,0   0,0   0:00.00 kthreadd
      3 root       0 -20       0      0      0 I   0,0   0,0   0:00.00 rcu_gp

   1579 root      20   0 2040948   1,5g   2572 R  82,4  84,1   1:00.73 mem.sh
     49 root      20   0       0      0      0 S   5,9   0,0   0:00.55 kswapd0
    900 root      20   0  626400  18236   6232 S   5,9   1,0   0:00.36 tuned
      1 root      20   0  186392   8092   3468 S   0,0   0,4   0:01.80 systemd
      2 root      20   0       0      0      0 S   0,0   0,0   0:00.00 kthreadd

   1579 root      20   0 2101008   1,5g   2572 R  88,9  84,4   1:02.47 mem.sh
      1 root      20   0  186392   7912   3288 S   0,0   0,4   0:01.80 systemd
      2 root      20   0       0      0      0 S   0,0   0,0   0:00.00 kthreadd
      3 root       0 -20       0      0      0 I   0,0   0,0   0:00.00 rcu_gp
      4 root       0 -20       0      0      0 I   0,0   0,0   0:00.00 rcu_par_gp

   1579 root      20   0 2161068   1,5g   2572 R  83,3  84,1   1:04.22 mem.sh
      1 root      20   0  186392   7868   3244 S   0,0   0,4   0:01.80 systemd
      2 root      20   0       0      0      0 S   0,0   0,0   0:00.00 kthreadd
      3 root       0 -20       0      0      0 I   0,0   0,0   0:00.00 rcu_gp
      4 root       0 -20       0      0      0 I   0,0   0,0   0:00.00 rcu_par_gp

   1579 root      20   0 2218488   1,5g   2572 R  99,9  84,8   1:05.92 mem.sh
      1 root      20   0  186392   7760   3244 S   0,0   0,4   0:01.80 systemd
      2 root      20   0       0      0      0 S   0,0   0,0   0:00.00 kthreadd
      3 root       0 -20       0      0      0 I   0,0   0,0   0:00.00 rcu_gp
      4 root       0 -20       0      0      0 I   0,0   0,0   0:00.00 rcu_par_gp

   1579 root      20   0 2269836   1,5g   2572 R  82,4  84,8   1:07.58 mem.sh
      1 root      20   0  186392   7588   3152 S   0,0   0,4   0:01.80 systemd
      2 root      20   0       0      0      0 S   0,0   0,0   0:00.00 kthreadd
      3 root       0 -20       0      0      0 I   0,0   0,0   0:00.00 rcu_gp
      4 root       0 -20       0      0      0 I   0,0   0,0   0:00.00 rcu_par_gp

   1579 root      20   0 2326596   1,5g   2568 R  87,5  85,0   1:09.31 mem.sh
      1 root      20   0  186392   7412   3120 S   0,0   0,4   0:01.80 systemd
      2 root      20   0       0      0      0 S   0,0   0,0   0:00.00 kthreadd
      3 root       0 -20       0      0      0 I   0,0   0,0   0:00.00 rcu_gp
      4 root       0 -20       0      0      0 I   0,0   0,0   0:00.00 rcu_par_gp

   1579 root      20   0 2382036   1,5g   2568 R  94,1  85,1   1:11.00 mem.sh
    767 root      20   0       0      0      0 I   5,9   0,0   0:00.13 kworker/0:5-events_freezable_pow+
      1 root      20   0  186392   7304   3120 S   0,0   0,4   0:01.80 systemd
      2 root      20   0       0      0      0 S   0,0   0,0   0:00.00 kthreadd
      3 root       0 -20       0      0      0 I   0,0   0,0   0:00.00 rcu_gp

   1579 root      20   0 2439456   1,5g   2568 R  93,8  85,0   1:12.71 mem.sh
      1 root      20   0  186392   6968   2948 S   0,0   0,4   0:01.80 systemd
      2 root      20   0       0      0      0 S   0,0   0,0   0:00.00 kthreadd
      3 root       0 -20       0      0      0 I   0,0   0,0   0:00.00 rcu_gp
      4 root       0 -20       0      0      0 I   0,0   0,0   0:00.00 rcu_par_gp

   1579 root      20   0 2494500   1,5g   2568 R  93,8  83,9   1:14.44 mem.sh
      1 root      20   0  186392   6560   2684 S   0,0   0,4   0:01.80 systemd
      2 root      20   0       0      0      0 S   0,0   0,0   0:00.00 kthreadd
      3 root       0 -20       0      0      0 I   0,0   0,0   0:00.00 rcu_gp
      4 root       0 -20       0      0      0 I   0,0   0,0   0:00.00 rcu_par_gp

   1579 root      20   0 2547696   1,5g   2568 R  76,5  84,1   1:16.16 mem.sh
     49 root      20   0       0      0      0 S  11,8   0,0   0:01.16 kswapd0
   2510 root      20   0  275048   4532   3960 R   5,9   0,2   0:00.01 top
      1 root      20   0  186392   6152   2384 S   0,0   0,3   0:01.80 systemd
      2 root      20   0       0      0      0 S   0,0   0,0   0:00.00 kthreadd

   2533 root      20   0  275048   4444   3872 R   6,2   0,2   0:00.01 top
      1 root      20   0  186392   3792     68 S   0,0   0,2   0:01.80 systemd
      2 root      20   0       0      0      0 S   0,0   0,0   0:00.00 kthreadd
      3 root       0 -20       0      0      0 I   0,0   0,0   0:00.00 rcu_gp
      4 root       0 -20       0      0      0 I   0,0   0,0   0:00.00 rcu_par_gp

