1     :  0     :  0.389330
2     :  0     :  0.037940
0 is 0.213630
1128  :  1     :  0.700360
1129  :  1     :  0.566960
1130  :  1     :  0.310670
1480  :  1     :  1.350250
654   :  1     :  0.285590
682   :  1     :  0.266790
810   :  1     :  0.646200
814   :  1     :  0.039640
843   :  1     :  0.306210
844   :  1     :  0.190340
846   :  1     :  0.236010
847   :  1     :  0.367500
849   :  1     :  0.150780
851   :  1     :  0.500800
854   :  1     :  0.144930
868   :  1     :  0.043170
877   :  1     :  0.576060
880   :  1     :  0.360640
893   :  1     :  0.106840
904   :  1     :  0.350070
907   :  1     :  0.514260
914   :  1     :  0.333770
1 is 0.379440
10    :  2     :  0.017560
11    :  2     :  0.007100
12    :  2     :  0.001070
13    :  2     :  0.002990
14    :  2     :  0.023060
142   :  2     :  0.002550
143   :  2     :  0.004020
144   :  2     :  0.001350
145   :  2     :  0.000000
146   :  2     :  0.000650
147   :  2     :  0.030660
148   :  2     :  0.000000
16    :  2     :  0.018130
17    :  2     :  0.004210
18    :  2     :  0.011860
19    :  2     :  0.002170
20    :  2     :  0.001270
21    :  2     :  0.002020
22    :  2     :  0.002930
23    :  2     :  0.003070
24    :  2     :  0.378720
25    :  2     :  0.002970
26    :  2     :  0.002400
27    :  2     :  0.001830
28    :  2     :  0.000610
288   :  2     :  0.033850
29    :  2     :  0.003270
30    :  2     :  0.001860
31    :  2     :  0.000590
3     :  2     :  0.000000
32    :  2     :  0.000000
33    :  2     :  0.021640
35    :  2     :  0.028810
4     :  2     :  0.000000
452   :  2     :  0.010660
453   :  2     :  3.158930
454   :  2     :  0.007110
455   :  2     :  0.083820
456   :  2     :  0.009290
457   :  2     :  0.048040
459   :  2     :  0.141780
460   :  2     :  0.007230
461   :  2     :  0.003410
49    :  2     :  0.000530
5     :  2     :  0.022840
526   :  2     :  0.002590
535   :  2     :  0.001270
548   :  2     :  0.035990
564   :  2     :  0.044130
565   :  2     :  0.003790
6     :  2     :  0.007390
7     :  2     :  0.057970
743   :  2     :  0.007010
750   :  2     :  0.005320
751   :  2     :  0.003450
752   :  2     :  0.001820
753   :  2     :  0.004460
754   :  2     :  0.007500
755   :  2     :  0.001660
756   :  2     :  0.005050
757   :  2     :  0.001540
758   :  2     :  0.011060
759   :  2     :  0.003920
778   :  2     :  0.030130
779   :  2     :  0.007360
782   :  2     :  0.002190
783   :  2     :  0.005730
784   :  2     :  0.001340
785   :  2     :  0.001280
786   :  2     :  0.001080
787   :  2     :  0.001230
788   :  2     :  0.000560
789   :  2     :  0.001970
790   :  2     :  0.005630
8     :  2     :  0.027280
830   :  2     :  0.004950
832   :  2     :  0.004120
833   :  2     :  0.013390
9     :  2     :  0.003020
2 is 0.056000
816   :  814   :  0.034380
814 is 0.034380
866   :  844   :  0.050830
844 is 0.050830
873   :  846   :  0.475650
878   :  846   :  0.210080
846 is 0.342860
1517  :  904   :  0.554100
904 is 0.554100
1491  :  1130  :  0.703160
1130 is 0.703160
1485  :  1480  :  0.169810
1480 is 0.169810
1521  :  1517  :  0.081280
1517 is 0.081280
1522  :  1521  :  0.392640
1521 is 0.392640
1574  :  1522  :  0.099220
1522 is 0.099220
